-------------------------------------------------------------------------------
Test set: com.bytechat.serviceimpl.ChannelServiceImplTest
-------------------------------------------------------------------------------
Tests run: 37, Failures: 1, Errors: 0, Skipped: 0, Time elapsed: 8.921 s <<< FAILURE! -- in com.bytechat.serviceimpl.ChannelServiceImplTest
com.bytechat.serviceimpl.ChannelServiceImplTest.removeMember_DefaultChannel_RemovesFromWorkspace -- Time elapsed: 0.111 s <<< FAILURE!
Wanted but not invoked:
workspaceMemberRepository.delete(
    <any com.bytechat.entity.WorkspaceMember>
);
-> at com.bytechat.serviceimpl.ChannelServiceImplTest.removeMember_DefaultChannel_RemovesFromWorkspace(ChannelServiceImplTest.java:330)

However, there were exactly 2 interactions with this mock:
workspaceMemberRepository.findByWorkspaceIdAndUserId(
    1L,
    1L
);
-> at com.bytechat.serviceimpl.ChannelServiceImpl.removeMember(ChannelServiceImpl.java:359)

workspaceMemberRepository.findByWorkspaceIdAndUserId(
    1L,
    2L
);
-> at com.bytechat.serviceimpl.ChannelServiceImpl.removeUserFromWorkspaceInternally(ChannelServiceImpl.java:440)


	at com.bytechat.serviceimpl.ChannelServiceImplTest.removeMember_DefaultChannel_RemovesFromWorkspace(ChannelServiceImplTest.java:330)
	at java.base/java.lang.reflect.Method.invoke(Method.java:580)
	at java.base/java.util.ArrayList.forEach(ArrayList.java:1596)
	at java.base/java.util.ArrayList.forEach(ArrayList.java:1596)

