-------------------------------------------------------------------------------
Test set: com.bytechat.controllers.ChannelControllerIntegrationTest
-------------------------------------------------------------------------------
Tests run: 4, Failures: 1, Errors: 0, Skipped: 0, Time elapsed: 8.229 s <<< FAILURE! -- in com.bytechat.controllers.ChannelControllerIntegrationTest
com.bytechat.controllers.ChannelControllerIntegrationTest.createChannel_Success -- Time elapsed: 0.173 s <<< FAILURE!
java.lang.AssertionError: No value at JSON path "$.data.name"
	at org.springframework.test.util.JsonPathExpectationsHelper.evaluateJsonPath(JsonPathExpectationsHelper.java:302)
	at org.springframework.test.util.JsonPathExpectationsHelper.assertValue(JsonPathExpectationsHelper.java:99)
	at org.springframework.test.web.servlet.result.JsonPathResultMatchers.lambda$value$2(JsonPathResultMatchers.java:111)
	at org.springframework.test.web.servlet.MockMvc$1.andExpect(MockMvc.java:214)
	at com.bytechat.controllers.ChannelControllerIntegrationTest.createChannel_Success(ChannelControllerIntegrationTest.java:44)
	at java.base/java.lang.reflect.Method.invoke(Method.java:580)
	at java.base/java.util.ArrayList.forEach(ArrayList.java:1596)
	at java.base/java.util.ArrayList.forEach(ArrayList.java:1596)
Caused by: com.jayway.jsonpath.PathNotFoundException: Expected to find an object with property ['name'] in path $['data'] but found 'null'. This is not a json object according to the JsonProvider: 'com.jayway.jsonpath.spi.json.JsonSmartJsonProvider'.

