<?xml version="1.0" encoding="UTF-8"?>
<testsuite xmlns:xsi="http://www.w3.org/2001/XMLSchema-instance" xsi:noNamespaceSchemaLocation="https://maven.apache.org/surefire/maven-surefire-plugin/xsd/surefire-test-report-3.0.xsd" version="3.0" name="com.bytechat.controllers.NotificationControllerIntegrationTest" time="14.193" tests="6" errors="0" skipped="0" failures="0">
  <properties>
[...]
</properties>
  <testcase name="getNotifications_Success" classname="com.bytechat.controllers.NotificationControllerIntegrationTest" time="0.026">
    <system-out><![CDATA[2026-04-04T14:40:51.369+05:30  INFO 3336 --- [           main] tc.postgres:15-alpine                    : Creating container for image: postgres:15-alpine
2026-04-04T14:40:51.947+05:30  INFO 3336 --- [           main] tc.postgres:15-alpine                    : Container postgres:15-alpine is starting: 53b3ce8bc9c53fa22c7f25134209f41903f14276160132d104ec36c56607aaa5
2026-04-04T14:40:53.794+05:30  INFO 3336 --- [MessageBroker-1] o.s.w.s.c.WebSocketMessageBrokerStats    : WebSocketSession[0 current WS(0)-HttpStream(0)-HttpPoll(0), 0 total, 0 closed abnormally (0 connect failure, 0 send limit, 0 transport error)], stompSubProtocol[processed CONNECT(0)-CONNECTED(0)-DISCONNECT(0)], stompBrokerRelay[null], inboundChannel[pool size = 0, active threads = 0, queued tasks = 0, completed tasks = 0], outboundChannel[pool size = 0, active threads = 0, queued tasks = 0, completed tasks = 0], sockJsScheduler[pool size = 1, active threads = 1, queued tasks = 0, completed tasks = 0]
2026-04-04T14:41:00.578+05:30  INFO 3336 --- [           main] tc.postgres:15-alpine                    : Container postgres:15-alpine started in PT9.2091553S
2026-04-04T14:41:00.578+05:30  INFO 3336 --- [           main] tc.postgres:15-alpine                    : Container is started (JDBC URL: jdbc:postgresql://localhost:65459/bytechat_test?loggerLevel=OFF)
2026-04-04T14:41:00.581+05:30  INFO 3336 --- [           main] t.c.s.AnnotationConfigContextLoaderUtils : Could not detect default configuration classes for test class [com.bytechat.controllers.NotificationControllerIntegrationTest]: NotificationControllerIntegrationTest does not declare any static, non-private, non-final, nested classes annotated with @Configuration.
2026-04-04T14:41:00.584+05:30  INFO 3336 --- [           main] .b.t.c.SpringBootTestContextBootstrapper : Found @SpringBootConfiguration com.bytechat.ByteChatApplication for test class com.bytechat.controllers.NotificationControllerIntegrationTest
2026-04-04T14:41:00.590+05:30  INFO 3336 --- [           main] o.s.b.d.r.RestartApplicationListener     : Restart disabled due to context in which it is running

  .   ____          _            __ _ _
 /\\ / ___'_ __ _ _(_)_ __  __ _ \ \ \ \
( ( )\___ | '_ | '_| | '_ \/ _` | \ \ \ \
 \\/  ___)| |_)| | | | | || (_| |  ) ) ) )
  '  |____| .__|_| |_|_| |_\__, | / / / /
 =========|_|==============|___/=/_/_/_/
 :: Spring Boot ::                (v3.2.3)

2026-04-04T14:41:00.632+05:30  INFO 3336 --- [           main] .c.NotificationControllerIntegrationTest : Starting NotificationControllerIntegrationTest using Java 21.0.5 with PID 3336 (started by Admin in D:\ByteChat\ByteChat\backend)
2026-04-04T14:41:00.632+05:30 DEBUG 3336 --- [           main] .c.NotificationControllerIntegrationTest : Running with Spring Boot v3.2.3, Spring v6.1.4
2026-04-04T14:41:00.632+05:30  INFO 3336 --- [           main] .c.NotificationControllerIntegrationTest : The following 1 profile is active: "test"
2026-04-04T14:41:01.241+05:30  INFO 3336 --- [           main] .s.d.r.c.RepositoryConfigurationDelegate : Bootstrapping Spring Data JPA repositories in DEFAULT mode.
2026-04-04T14:41:01.311+05:30  INFO 3336 --- [           main] .s.d.r.c.RepositoryConfigurationDelegate : Finished Spring Data repository scanning in 69 ms. Found 14 JPA repository interfaces.
2026-04-04T14:41:01.748+05:30  INFO 3336 --- [           main] o.hibernate.jpa.internal.util.LogHelper  : HHH000204: Processing PersistenceUnitInfo [name: default]
2026-04-04T14:41:01.758+05:30  INFO 3336 --- [           main] o.h.c.internal.RegionFactoryInitiator    : HHH000026: Second-level cache disabled
2026-04-04T14:41:01.780+05:30  INFO 3336 --- [           main] o.s.o.j.p.SpringPersistenceUnitInfo      : No LoadTimeWeaver setup: ignoring JPA class transformer
2026-04-04T14:41:01.782+05:30  INFO 3336 --- [           main] com.zaxxer.hikari.HikariDataSource       : HikariPool-9 - Starting...
2026-04-04T14:41:01.874+05:30  INFO 3336 --- [           main] com.zaxxer.hikari.pool.HikariPool        : HikariPool-9 - Added connection org.postgresql.jdbc.PgConnection@b499c6
2026-04-04T14:41:01.874+05:30  INFO 3336 --- [           main] com.zaxxer.hikari.HikariDataSource       : HikariPool-9 - Start completed.
2026-04-04T14:41:01.883+05:30  WARN 3336 --- [           main] org.hibernate.orm.deprecation            : HHH90000025: PostgreSQLDialect does not need to be specified explicitly using 'hibernate.dialect' (remove the property setting and it will be selected by default)
2026-04-04T14:41:02.759+05:30  INFO 3336 --- [           main] o.h.e.t.j.p.i.JtaPlatformInitiator       : HHH000489: No JTA platform available (set 'hibernate.transaction.jta.platform' to enable JTA platform integration)
2026-04-04T14:41:02.792+05:30 DEBUG 3336 --- [           main] org.hibernate.SQL                        : 
    create table attachments (
        id bigserial not null,
        file_name varchar(255) not null,
        file_size bigint,
        file_type varchar(255) not null,
        file_url varchar(255) not null,
        uploaded_at timestamp(6) not null,
        message_id bigint,
        uploader_id bigint not null,
        primary key (id)
    )
Hibernate: 
    create table attachments (
        id bigserial not null,
        file_name varchar(255) not null,
        file_size bigint,
        file_type varchar(255) not null,
        file_url varchar(255) not null,
        uploaded_at timestamp(6) not null,
        message_id bigint,
        uploader_id bigint not null,
        primary key (id)
    )
2026-04-04T14:41:02.801+05:30 DEBUG 3336 --- [           main] org.hibernate.SQL                        : 
    create table channel_invitations (
        id bigserial not null,
        created_at timestamp(6) not null,
        responded_at timestamp(6),
        status varchar(255) not null check (status in ('PENDING','ACCEPTED','REJECTED','EXPIRED')),
        channel_id bigint not null,
        invitee_id bigint not null,
        inviter_id bigint not null,
        primary key (id)
    )
Hibernate: 
    create table channel_invitations (
        id bigserial not null,
        created_at timestamp(6) not null,
        responded_at timestamp(6),
        status varchar(255) not null check (status in ('PENDING','ACCEPTED','REJECTED','EXPIRED')),
        channel_id bigint not null,
        invitee_id bigint not null,
        inviter_id bigint not null,
        primary key (id)
    )
2026-04-04T14:41:02.807+05:30 DEBUG 3336 --- [           main] org.hibernate.SQL                        : 
    create table channel_members (
        id bigserial not null,
        is_archived boolean not null,
        joined_at timestamp(6) not null,
        role varchar(255) not null check (role in ('ADMIN','MEMBER')),
        channel_id bigint not null,
        user_id bigint not null,
        primary key (id)
    )
Hibernate: 
    create table channel_members (
        id bigserial not null,
        is_archived boolean not null,
        joined_at timestamp(6) not null,
        role varchar(255) not null check (role in ('ADMIN','MEMBER')),
        channel_id bigint not null,
        user_id bigint not null,
        primary key (id)
    )
2026-04-04T14:41:02.813+05:30 DEBUG 3336 --- [           main] org.hibernate.SQL                        : 
    create table channels (
        id bigserial not null,
        created_at timestamp(6) not null,
        description TEXT,
        is_archived boolean not null,
        is_default boolean not null,
        is_deleted boolean not null,
        is_private boolean not null,
        name varchar(255) not null,
        created_by bigint not null,
        workspace_id bigint not null,
        primary key (id)
    )
Hibernate: 
    create table channels (
        id bigserial not null,
        created_at timestamp(6) not null,
        description TEXT,
        is_archived boolean not null,
        is_default boolean not null,
        is_deleted boolean not null,
        is_private boolean not null,
        name varchar(255) not null,
        created_by bigint not null,
        workspace_id bigint not null,
        primary key (id)
    )
2026-04-04T14:41:02.818+05:30 DEBUG 3336 --- [           main] org.hibernate.SQL                        : 
    create table direct_message_hidden_users (
        direct_message_id bigint not null,
        user_id bigint
    )
Hibernate: 
    create table direct_message_hidden_users (
        direct_message_id bigint not null,
        user_id bigint
    )
2026-04-04T14:41:02.821+05:30 DEBUG 3336 --- [           main] org.hibernate.SQL                        : 
    create table direct_messages (
        id bigserial not null,
        content TEXT not null,
        edited_at timestamp(6),
        is_deleted boolean not null,
        is_pinned boolean not null,
        pinned_by_name varchar(255),
        pinned_by_user_id bigint,
        read_at timestamp(6),
        reply_to_content TEXT,
        reply_to_message_id bigint,
        reply_to_sender_name varchar(255),
        sent_at timestamp(6) not null,
        type varchar(255),
        from_user_id bigint not null,
        to_user_id bigint not null,
        workspace_id bigint,
        primary key (id)
    )
Hibernate: 
    create table direct_messages (
        id bigserial not null,
        content TEXT not null,
        edited_at timestamp(6),
        is_deleted boolean not null,
        is_pinned boolean not null,
        pinned_by_name varchar(255),
        pinned_by_user_id bigint,
        read_at timestamp(6),
        reply_to_content TEXT,
        reply_to_message_id bigint,
        reply_to_sender_name varchar(255),
        sent_at timestamp(6) not null,
        type varchar(255),
        from_user_id bigint not null,
        to_user_id bigint not null,
        workspace_id bigint,
        primary key (id)
    )
2026-04-04T14:41:02.829+05:30 DEBUG 3336 --- [           main] org.hibernate.SQL                        : 
    create table dm_requests (
        id bigserial not null,
        created_at timestamp(6) not null,
        responded_at timestamp(6),
        status varchar(255) not null check (status in ('PENDING','ACCEPTED','REJECTED')),
        recipient_id bigint not null,
        requester_id bigint not null,
        workspace_id bigint not null,
        primary key (id)
    )
Hibernate: 
    create table dm_requests (
        id bigserial not null,
        created_at timestamp(6) not null,
        responded_at timestamp(6),
        status varchar(255) not null check (status in ('PENDING','ACCEPTED','REJECTED')),
        recipient_id bigint not null,
        requester_id bigint not null,
        workspace_id bigint not null,
        primary key (id)
    )
2026-04-04T14:41:02.835+05:30 DEBUG 3336 --- [           main] org.hibernate.SQL                        : 
    create table meetings (
        id bigserial not null,
        created_at timestamp(6) not null,
        ended_at timestamp(6),
        is_active boolean not null,
        password_hash varchar(255) not null,
        room_key varchar(255) not null,
        title varchar(255) not null,
        channel_id bigint not null,
        creator_id bigint not null,
        workspace_id bigint not null,
        primary key (id)
    )
Hibernate: 
    create table meetings (
        id bigserial not null,
        created_at timestamp(6) not null,
        ended_at timestamp(6),
        is_active boolean not null,
        password_hash varchar(255) not null,
        room_key varchar(255) not null,
        title varchar(255) not null,
        channel_id bigint not null,
        creator_id bigint not null,
        workspace_id bigint not null,
        primary key (id)
    )
2026-04-04T14:41:02.842+05:30 DEBUG 3336 --- [           main] org.hibernate.SQL                        : 
    create table message_hidden_users (
        message_id bigint not null,
        user_id bigint
    )
Hibernate: 
    create table message_hidden_users (
        message_id bigint not null,
        user_id bigint
    )
2026-04-04T14:41:02.845+05:30 DEBUG 3336 --- [           main] org.hibernate.SQL                        : 
    create table message_mentions (
        message_id bigint not null,
        user_id bigint
    )
Hibernate: 
    create table message_mentions (
        message_id bigint not null,
        user_id bigint
    )
2026-04-04T14:41:02.847+05:30 DEBUG 3336 --- [           main] org.hibernate.SQL                        : 
    create table message_reads (
        id bigserial not null,
        read_at timestamp(6) not null,
        message_id bigint not null,
        user_id bigint not null,
        primary key (id)
    )
Hibernate: 
    create table message_reads (
        id bigserial not null,
        read_at timestamp(6) not null,
        message_id bigint not null,
        user_id bigint not null,
        primary key (id)
    )
2026-04-04T14:41:02.853+05:30 DEBUG 3336 --- [           main] org.hibernate.SQL                        : 
    create table messages (
        id bigserial not null,
        content TEXT not null,
        edited_at timestamp(6),
        is_deleted boolean not null,
        is_pinned boolean not null,
        pinned_by_name varchar(255),
        pinned_by_user_id bigint,
        reply_to_content TEXT,
        reply_to_message_id bigint,
        reply_to_sender_name varchar(255),
        sent_at timestamp(6) not null,
        type varchar(255),
        channel_id bigint not null,
        sender_id bigint not null,
        primary key (id)
    )
Hibernate: 
    create table messages (
        id bigserial not null,
        content TEXT not null,
        edited_at timestamp(6),
        is_deleted boolean not null,
        is_pinned boolean not null,
        pinned_by_name varchar(255),
        pinned_by_user_id bigint,
        reply_to_content TEXT,
        reply_to_message_id bigint,
        reply_to_sender_name varchar(255),
        sent_at timestamp(6) not null,
        type varchar(255),
        channel_id bigint not null,
        sender_id bigint not null,
        primary key (id)
    )
2026-04-04T14:41:02.868+05:30 DEBUG 3336 --- [           main] org.hibernate.SQL                        : 
    create table notifications (
        id bigserial not null,
        content varchar(255) not null,
        created_at timestamp(6) not null,
        is_read boolean,
        related_entity_id bigint,
        type varchar(255) not null,
        recipient_id bigint not null,
        primary key (id)
    )
Hibernate: 
    create table notifications (
        id bigserial not null,
        content varchar(255) not null,
        created_at timestamp(6) not null,
        is_read boolean,
        related_entity_id bigint,
        type varchar(255) not null,
        recipient_id bigint not null,
        primary key (id)
    )
2026-04-04T14:41:02.883+05:30 DEBUG 3336 --- [           main] org.hibernate.SQL                        : 
    create table otps (
        id bigserial not null,
        code varchar(6) not null,
        created_at timestamp(6) not null,
        email varchar(255) not null,
        expiry_time timestamp(6) not null,
        otp_type varchar(255) not null check (otp_type in ('REGISTRATION','PASSWORD_RESET','WORKSPACE_CREATION')),
        verified boolean not null,
        primary key (id)
    )
Hibernate: 
    create table otps (
        id bigserial not null,
        code varchar(6) not null,
        created_at timestamp(6) not null,
        email varchar(255) not null,
        expiry_time timestamp(6) not null,
        otp_type varchar(255) not null check (otp_type in ('REGISTRATION','PASSWORD_RESET','WORKSPACE_CREATION')),
        verified boolean not null,
        primary key (id)
    )
2026-04-04T14:41:02.894+05:30 DEBUG 3336 --- [           main] org.hibernate.SQL                        : 
    create table reactions (
        id bigserial not null,
        created_at timestamp(6) not null,
        emoji varchar(255) not null,
        dm_id bigint,
        message_id bigint,
        user_id bigint not null,
        primary key (id)
    )
Hibernate: 
    create table reactions (
        id bigserial not null,
        created_at timestamp(6) not null,
        emoji varchar(255) not null,
        dm_id bigint,
        message_id bigint,
        user_id bigint not null,
        primary key (id)
    )
2026-04-04T14:41:02.901+05:30 DEBUG 3336 --- [           main] org.hibernate.SQL                        : 
    create table users (
        id bigserial not null,
        avatar_url varchar(255),
        created_at timestamp(6) not null,
        display_name varchar(255) not null,
        email varchar(255) not null,
        is_verified boolean not null,
        last_seen timestamp(6),
        online boolean not null,
        password varchar(255) not null,
        role varchar(255) not null check (role in ('OWNER','MEMBER')),
        primary key (id)
    )
Hibernate: 
    create table users (
        id bigserial not null,
        avatar_url varchar(255),
        created_at timestamp(6) not null,
        display_name varchar(255) not null,
        email varchar(255) not null,
        is_verified boolean not null,
        last_seen timestamp(6),
        online boolean not null,
        password varchar(255) not null,
        role varchar(255) not null check (role in ('OWNER','MEMBER')),
        primary key (id)
    )
2026-04-04T14:41:02.914+05:30 DEBUG 3336 --- [           main] org.hibernate.SQL                        : 
    create table workspace_invitations (
        id bigserial not null,
        created_at timestamp(6) not null,
        invitee_email varchar(255) not null,
        responded_at timestamp(6),
        status varchar(255) not null check (status in ('PENDING','ACCEPTED','REJECTED','EXPIRED')),
        invitee_id bigint,
        inviter_id bigint not null,
        workspace_id bigint not null,
        primary key (id)
    )
Hibernate: 
    create table workspace_invitations (
        id bigserial not null,
        created_at timestamp(6) not null,
        invitee_email varchar(255) not null,
        responded_at timestamp(6),
        status varchar(255) not null check (status in ('PENDING','ACCEPTED','REJECTED','EXPIRED')),
        invitee_id bigint,
        inviter_id bigint not null,
        workspace_id bigint not null,
        primary key (id)
    )
2026-04-04T14:41:02.931+05:30 DEBUG 3336 --- [           main] org.hibernate.SQL                        : 
    create table workspace_members (
        id bigserial not null,
        joined_at timestamp(6) not null,
        role varchar(255) not null check (role in ('OWNER','ADMIN','MEMBER')),
        user_id bigint not null,
        workspace_id bigint not null,
        primary key (id)
    )
Hibernate: 
    create table workspace_members (
        id bigserial not null,
        joined_at timestamp(6) not null,
        role varchar(255) not null check (role in ('OWNER','ADMIN','MEMBER')),
        user_id bigint not null,
        workspace_id bigint not null,
        primary key (id)
    )
2026-04-04T14:41:02.938+05:30 DEBUG 3336 --- [           main] org.hibernate.SQL                        : 
    create table workspaces (
        id bigserial not null,
        created_at timestamp(6) not null,
        description TEXT,
        is_archived boolean not null,
        is_private boolean not null,
        name varchar(255) not null,
        owner_id bigint not null,
        primary key (id)
    )
Hibernate: 
    create table workspaces (
        id bigserial not null,
        created_at timestamp(6) not null,
        description TEXT,
        is_archived boolean not null,
        is_private boolean not null,
        name varchar(255) not null,
        owner_id bigint not null,
        primary key (id)
    )
2026-04-04T14:41:02.947+05:30 DEBUG 3336 --- [           main] org.hibernate.SQL                        : 
    alter table if exists meetings 
       drop constraint if exists UK_60p82xhkfvflornds3r4d91s8
Hibernate: 
    alter table if exists meetings 
       drop constraint if exists UK_60p82xhkfvflornds3r4d91s8
2026-04-04T14:41:02.950+05:30  WARN 3336 --- [           main] o.h.engine.jdbc.spi.SqlExceptionHelper   : SQL Warning Code: 0, SQLState: 00000
2026-04-04T14:41:02.950+05:30  WARN 3336 --- [           main] o.h.engine.jdbc.spi.SqlExceptionHelper   : constraint "uk_60p82xhkfvflornds3r4d91s8" of relation "meetings" does not exist, skipping
2026-04-04T14:41:02.950+05:30 DEBUG 3336 --- [           main] org.hibernate.SQL                        : 
    alter table if exists meetings 
       add constraint UK_60p82xhkfvflornds3r4d91s8 unique (room_key)
Hibernate: 
    alter table if exists meetings 
       add constraint UK_60p82xhkfvflornds3r4d91s8 unique (room_key)
2026-04-04T14:41:02.954+05:30 DEBUG 3336 --- [           main] org.hibernate.SQL                        : 
    alter table if exists message_reads 
       drop constraint if exists UKl0x51fmanqat20ltc7jcchg3w
Hibernate: 
    alter table if exists message_reads 
       drop constraint if exists UKl0x51fmanqat20ltc7jcchg3w
2026-04-04T14:41:02.958+05:30  WARN 3336 --- [           main] o.h.engine.jdbc.spi.SqlExceptionHelper   : SQL Warning Code: 0, SQLState: 00000
2026-04-04T14:41:02.958+05:30  WARN 3336 --- [           main] o.h.engine.jdbc.spi.SqlExceptionHelper   : constraint "ukl0x51fmanqat20ltc7jcchg3w" of relation "message_reads" does not exist, skipping
2026-04-04T14:41:02.958+05:30 DEBUG 3336 --- [           main] org.hibernate.SQL                        : 
    alter table if exists message_reads 
       add constraint UKl0x51fmanqat20ltc7jcchg3w unique (message_id, user_id)
Hibernate: 
    alter table if exists message_reads 
       add constraint UKl0x51fmanqat20ltc7jcchg3w unique (message_id, user_id)
2026-04-04T14:41:02.962+05:30 DEBUG 3336 --- [           main] org.hibernate.SQL                        : 
    alter table if exists users 
       drop constraint if exists UK_6dotkott2kjsp8vw4d0m25fb7
Hibernate: 
    alter table if exists users 
       drop constraint if exists UK_6dotkott2kjsp8vw4d0m25fb7
2026-04-04T14:41:02.964+05:30  WARN 3336 --- [           main] o.h.engine.jdbc.spi.SqlExceptionHelper   : SQL Warning Code: 0, SQLState: 00000
2026-04-04T14:41:02.965+05:30  WARN 3336 --- [           main] o.h.engine.jdbc.spi.SqlExceptionHelper   : constraint "uk_6dotkott2kjsp8vw4d0m25fb7" of relation "users" does not exist, skipping
2026-04-04T14:41:02.965+05:30 DEBUG 3336 --- [           main] org.hibernate.SQL                        : 
    alter table if exists users 
       add constraint UK_6dotkott2kjsp8vw4d0m25fb7 unique (email)
Hibernate: 
    alter table if exists users 
       add constraint UK_6dotkott2kjsp8vw4d0m25fb7 unique (email)
2026-04-04T14:41:02.971+05:30 DEBUG 3336 --- [           main] org.hibernate.SQL                        : 
    alter table if exists attachments 
       add constraint FKcf4ta8qdkixetfy7wnqfv3vkv 
       foreign key (message_id) 
       references messages
Hibernate: 
    alter table if exists attachments 
       add constraint FKcf4ta8qdkixetfy7wnqfv3vkv 
       foreign key (message_id) 
       references messages
2026-04-04T14:41:02.988+05:30 DEBUG 3336 --- [           main] org.hibernate.SQL                        : 
    alter table if exists attachments 
       add constraint FKr60r9lnkb1bv66bqanw3vb4ne 
       foreign key (uploader_id) 
       references users
Hibernate: 
    alter table if exists attachments 
       add constraint FKr60r9lnkb1bv66bqanw3vb4ne 
       foreign key (uploader_id) 
       references users
2026-04-04T14:41:02.998+05:30 DEBUG 3336 --- [           main] org.hibernate.SQL                        : 
    alter table if exists channel_invitations 
       add constraint FKo7xoquf05ql0t3ge2yvglsmkl 
       foreign key (channel_id) 
       references channels
Hibernate: 
    alter table if exists channel_invitations 
       add constraint FKo7xoquf05ql0t3ge2yvglsmkl 
       foreign key (channel_id) 
       references channels
2026-04-04T14:41:03.006+05:30 DEBUG 3336 --- [           main] org.hibernate.SQL                        : 
    alter table if exists channel_invitations 
       add constraint FKme8opxf0xpeg6jhqui8wskuei 
       foreign key (invitee_id) 
       references users
Hibernate: 
    alter table if exists channel_invitations 
       add constraint FKme8opxf0xpeg6jhqui8wskuei 
       foreign key (invitee_id) 
       references users
2026-04-04T14:41:03.015+05:30 DEBUG 3336 --- [           main] org.hibernate.SQL                        : 
    alter table if exists channel_invitations 
       add constraint FK3n8wmnwf6byo257w63y818i8e 
       foreign key (inviter_id) 
       references users
Hibernate: 
    alter table if exists channel_invitations 
       add constraint FK3n8wmnwf6byo257w63y818i8e 
       foreign key (inviter_id) 
       references users
2026-04-04T14:41:03.021+05:30 DEBUG 3336 --- [           main] org.hibernate.SQL                        : 
    alter table if exists channel_members 
       add constraint FK5w7mqibtg5vbjt7xq6xyhc479 
       foreign key (channel_id) 
       references channels
Hibernate: 
    alter table if exists channel_members 
       add constraint FK5w7mqibtg5vbjt7xq6xyhc479 
       foreign key (channel_id) 
       references channels
2026-04-04T14:41:03.027+05:30 DEBUG 3336 --- [           main] org.hibernate.SQL                        : 
    alter table if exists channel_members 
       add constraint FKjunpxp98pv6g23t5d3w5hx8ji 
       foreign key (user_id) 
       references users
Hibernate: 
    alter table if exists channel_members 
       add constraint FKjunpxp98pv6g23t5d3w5hx8ji 
       foreign key (user_id) 
       references users
2026-04-04T14:41:03.032+05:30 DEBUG 3336 --- [           main] org.hibernate.SQL                        : 
    alter table if exists channels 
       add constraint FKj5bvg2dapo5aqh7j9xc2wr8e3 
       foreign key (created_by) 
       references users
Hibernate: 
    alter table if exists channels 
       add constraint FKj5bvg2dapo5aqh7j9xc2wr8e3 
       foreign key (created_by) 
       references users
2026-04-04T14:41:03.037+05:30 DEBUG 3336 --- [           main] org.hibernate.SQL                        : 
    alter table if exists channels 
       add constraint FK6sm2dry33aemqyix6ydqmjrj6 
       foreign key (workspace_id) 
       references workspaces
Hibernate: 
    alter table if exists channels 
       add constraint FK6sm2dry33aemqyix6ydqmjrj6 
       foreign key (workspace_id) 
       references workspaces
2026-04-04T14:41:03.045+05:30 DEBUG 3336 --- [           main] org.hibernate.SQL                        : 
    alter table if exists direct_message_hidden_users 
       add constraint FK3bxavuu4h2gi6ihbeksqpfp22 
       foreign key (direct_message_id) 
       references direct_messages
Hibernate: 
    alter table if exists direct_message_hidden_users 
       add constraint FK3bxavuu4h2gi6ihbeksqpfp22 
       foreign key (direct_message_id) 
       references direct_messages
2026-04-04T14:41:03.050+05:30 DEBUG 3336 --- [           main] org.hibernate.SQL                        : 
    alter table if exists direct_messages 
       add constraint FK7jcln0adoq6mv6p71x1y5aln3 
       foreign key (from_user_id) 
       references users
Hibernate: 
    alter table if exists direct_messages 
       add constraint FK7jcln0adoq6mv6p71x1y5aln3 
       foreign key (from_user_id) 
       references users
2026-04-04T14:41:03.056+05:30 DEBUG 3336 --- [           main] org.hibernate.SQL                        : 
    alter table if exists direct_messages 
       add constraint FK8prvpwn46hap1dbp8xwh63wlf 
       foreign key (to_user_id) 
       references users
Hibernate: 
    alter table if exists direct_messages 
       add constraint FK8prvpwn46hap1dbp8xwh63wlf 
       foreign key (to_user_id) 
       references users
2026-04-04T14:41:03.062+05:30 DEBUG 3336 --- [           main] org.hibernate.SQL                        : 
    alter table if exists direct_messages 
       add constraint FKwwdaofacdgtpksin3j7sqj6f 
       foreign key (workspace_id) 
       references workspaces
Hibernate: 
    alter table if exists direct_messages 
       add constraint FKwwdaofacdgtpksin3j7sqj6f 
       foreign key (workspace_id) 
       references workspaces
2026-04-04T14:41:03.068+05:30 DEBUG 3336 --- [           main] org.hibernate.SQL                        : 
    alter table if exists dm_requests 
       add constraint FKdv9bqmfvb8uali5ctm0lvst30 
       foreign key (recipient_id) 
       references users
Hibernate: 
    alter table if exists dm_requests 
       add constraint FKdv9bqmfvb8uali5ctm0lvst30 
       foreign key (recipient_id) 
       references users
2026-04-04T14:41:03.072+05:30 DEBUG 3336 --- [           main] org.hibernate.SQL                        : 
    alter table if exists dm_requests 
       add constraint FKgfhe9weqonod6e1q0lhlus0d4 
       foreign key (requester_id) 
       references users
Hibernate: 
    alter table if exists dm_requests 
       add constraint FKgfhe9weqonod6e1q0lhlus0d4 
       foreign key (requester_id) 
       references users
2026-04-04T14:41:03.077+05:30 DEBUG 3336 --- [           main] org.hibernate.SQL                        : 
    alter table if exists dm_requests 
       add constraint FKf5ou483a6yuveq51mmwf9hf2p 
       foreign key (workspace_id) 
       references workspaces
Hibernate: 
    alter table if exists dm_requests 
       add constraint FKf5ou483a6yuveq51mmwf9hf2p 
       foreign key (workspace_id) 
       references workspaces
2026-04-04T14:41:03.081+05:30 DEBUG 3336 --- [           main] org.hibernate.SQL                        : 
    alter table if exists meetings 
       add constraint FKfulcdj14tv0d6f1xn5tqhrkvb 
       foreign key (channel_id) 
       references channels
Hibernate: 
    alter table if exists meetings 
       add constraint FKfulcdj14tv0d6f1xn5tqhrkvb 
       foreign key (channel_id) 
       references channels
2026-04-04T14:41:03.087+05:30 DEBUG 3336 --- [           main] org.hibernate.SQL                        : 
    alter table if exists meetings 
       add constraint FKaa1dp9oxlq8sykp2s8xwcshr7 
       foreign key (creator_id) 
       references users
Hibernate: 
    alter table if exists meetings 
       add constraint FKaa1dp9oxlq8sykp2s8xwcshr7 
       foreign key (creator_id) 
       references users
2026-04-04T14:41:03.095+05:30 DEBUG 3336 --- [           main] org.hibernate.SQL                        : 
    alter table if exists meetings 
       add constraint FK9nro0gsbo3kv2lw00v1ve84qw 
       foreign key (workspace_id) 
       references workspaces
Hibernate: 
    alter table if exists meetings 
       add constraint FK9nro0gsbo3kv2lw00v1ve84qw 
       foreign key (workspace_id) 
       references workspaces
2026-04-04T14:41:03.102+05:30 DEBUG 3336 --- [           main] org.hibernate.SQL                        : 
    alter table if exists message_hidden_users 
       add constraint FK5934d9ycb3idcamocglty3nft 
       foreign key (message_id) 
       references messages
Hibernate: 
    alter table if exists message_hidden_users 
       add constraint FK5934d9ycb3idcamocglty3nft 
       foreign key (message_id) 
       references messages
2026-04-04T14:41:03.108+05:30 DEBUG 3336 --- [           main] org.hibernate.SQL                        : 
    alter table if exists message_mentions 
       add constraint FKn8dkm95maeahsjpbee9cnbntd 
       foreign key (message_id) 
       references messages
Hibernate: 
    alter table if exists message_mentions 
       add constraint FKn8dkm95maeahsjpbee9cnbntd 
       foreign key (message_id) 
       references messages
2026-04-04T14:41:03.115+05:30 DEBUG 3336 --- [           main] org.hibernate.SQL                        : 
    alter table if exists message_reads 
       add constraint FK4hf3vygb7iguer8spwq89xwsa 
       foreign key (message_id) 
       references messages
Hibernate: 
    alter table if exists message_reads 
       add constraint FK4hf3vygb7iguer8spwq89xwsa 
       foreign key (message_id) 
       references messages
2026-04-04T14:41:03.122+05:30 DEBUG 3336 --- [           main] org.hibernate.SQL                        : 
    alter table if exists message_reads 
       add constraint FKd25ttt384b7vp2bqtw19gighu 
       foreign key (user_id) 
       references users
Hibernate: 
    alter table if exists message_reads 
       add constraint FKd25ttt384b7vp2bqtw19gighu 
       foreign key (user_id) 
       references users
2026-04-04T14:41:03.127+05:30 DEBUG 3336 --- [           main] org.hibernate.SQL                        : 
    alter table if exists messages 
       add constraint FK3u3ckbhwq9se1cmopk2pq05b2 
       foreign key (channel_id) 
       references channels
Hibernate: 
    alter table if exists messages 
       add constraint FK3u3ckbhwq9se1cmopk2pq05b2 
       foreign key (channel_id) 
       references channels
2026-04-04T14:41:03.132+05:30 DEBUG 3336 --- [           main] org.hibernate.SQL                        : 
    alter table if exists messages 
       add constraint FK4ui4nnwntodh6wjvck53dbk9m 
       foreign key (sender_id) 
       references users
Hibernate: 
    alter table if exists messages 
       add constraint FK4ui4nnwntodh6wjvck53dbk9m 
       foreign key (sender_id) 
       references users
2026-04-04T14:41:03.137+05:30 DEBUG 3336 --- [           main] org.hibernate.SQL                        : 
    alter table if exists notifications 
       add constraint FKqqnsjxlwleyjbxlmm213jaj3f 
       foreign key (recipient_id) 
       references users
Hibernate: 
    alter table if exists notifications 
       add constraint FKqqnsjxlwleyjbxlmm213jaj3f 
       foreign key (recipient_id) 
       references users
2026-04-04T14:41:03.142+05:30 DEBUG 3336 --- [           main] org.hibernate.SQL                        : 
    alter table if exists reactions 
       add constraint FKg7p9a9gnfl6lvhe9rk31rc1dq 
       foreign key (dm_id) 
       references direct_messages
Hibernate: 
    alter table if exists reactions 
       add constraint FKg7p9a9gnfl6lvhe9rk31rc1dq 
       foreign key (dm_id) 
       references direct_messages
2026-04-04T14:41:03.145+05:30 DEBUG 3336 --- [           main] org.hibernate.SQL                        : 
    alter table if exists reactions 
       add constraint FKlmwgdoo3g3f4g0wsgc1lmwfby 
       foreign key (message_id) 
       references messages
Hibernate: 
    alter table if exists reactions 
       add constraint FKlmwgdoo3g3f4g0wsgc1lmwfby 
       foreign key (message_id) 
       references messages
2026-04-04T14:41:03.149+05:30 DEBUG 3336 --- [           main] org.hibernate.SQL                        : 
    alter table if exists reactions 
       add constraint FKqmewaibcp5bxtlqxc2cawhuln 
       foreign key (user_id) 
       references users
Hibernate: 
    alter table if exists reactions 
       add constraint FKqmewaibcp5bxtlqxc2cawhuln 
       foreign key (user_id) 
       references users
2026-04-04T14:41:03.152+05:30 DEBUG 3336 --- [           main] org.hibernate.SQL                        : 
    alter table if exists workspace_invitations 
       add constraint FKcw13o1mp447qs3h7kphm8hktm 
       foreign key (invitee_id) 
       references users
Hibernate: 
    alter table if exists workspace_invitations 
       add constraint FKcw13o1mp447qs3h7kphm8hktm 
       foreign key (invitee_id) 
       references users
2026-04-04T14:41:03.156+05:30 DEBUG 3336 --- [           main] org.hibernate.SQL                        : 
    alter table if exists workspace_invitations 
       add constraint FKj4tqiky662q6y79oc8gfh2ffa 
       foreign key (inviter_id) 
       references users
Hibernate: 
    alter table if exists workspace_invitations 
       add constraint FKj4tqiky662q6y79oc8gfh2ffa 
       foreign key (inviter_id) 
       references users
2026-04-04T14:41:03.159+05:30 DEBUG 3336 --- [           main] org.hibernate.SQL                        : 
    alter table if exists workspace_invitations 
       add constraint FKcjk1r4awojk9f3vcc7gak8rnv 
       foreign key (workspace_id) 
       references workspaces
Hibernate: 
    alter table if exists workspace_invitations 
       add constraint FKcjk1r4awojk9f3vcc7gak8rnv 
       foreign key (workspace_id) 
       references workspaces
2026-04-04T14:41:03.162+05:30 DEBUG 3336 --- [           main] org.hibernate.SQL                        : 
    alter table if exists workspace_members 
       add constraint FK6vtnpc3eexk504u61uepn40p1 
       foreign key (user_id) 
       references users
Hibernate: 
    alter table if exists workspace_members 
       add constraint FK6vtnpc3eexk504u61uepn40p1 
       foreign key (user_id) 
       references users
2026-04-04T14:41:03.166+05:30 DEBUG 3336 --- [           main] org.hibernate.SQL                        : 
    alter table if exists workspace_members 
       add constraint FKw9hq87n3rvq2c4j47qo78i5r 
       foreign key (workspace_id) 
       references workspaces
Hibernate: 
    alter table if exists workspace_members 
       add constraint FKw9hq87n3rvq2c4j47qo78i5r 
       foreign key (workspace_id) 
       references workspaces
2026-04-04T14:41:03.170+05:30 DEBUG 3336 --- [           main] org.hibernate.SQL                        : 
    alter table if exists workspaces 
       add constraint FK58ks96jjlsbhsh21cen7hr59h 
       foreign key (owner_id) 
       references users
Hibernate: 
    alter table if exists workspaces 
       add constraint FK58ks96jjlsbhsh21cen7hr59h 
       foreign key (owner_id) 
       references users
2026-04-04T14:41:03.173+05:30  INFO 3336 --- [           main] j.LocalContainerEntityManagerFactoryBean : Initialized JPA EntityManagerFactory for persistence unit 'default'
2026-04-04T14:41:03.692+05:30  WARN 3336 --- [           main] JpaBaseConfiguration$JpaWebConfiguration : spring.jpa.open-in-view is enabled by default. Therefore, database queries may be performed during view rendering. Explicitly configure spring.jpa.open-in-view to disable this warning
2026-04-04T14:41:03.900+05:30  INFO 3336 --- [           main] o.s.s.web.DefaultSecurityFilterChain     : Will secure any request with [org.springframework.security.web.session.DisableEncodeUrlFilter@79ed45eb, org.springframework.security.web.context.request.async.WebAsyncManagerIntegrationFilter@6b4f3776, org.springframework.security.web.context.SecurityContextHolderFilter@6a7c2bcd, org.springframework.security.web.header.HeaderWriterFilter@426a7b1, org.springframework.web.filter.CorsFilter@38034cb3, org.springframework.security.web.csrf.CsrfFilter@39f6f4b9, org.springframework.security.web.authentication.logout.LogoutFilter@4b1b357d, com.bytechat.config.JwtFilter@55148ef6, org.springframework.security.web.savedrequest.RequestCacheAwareFilter@1f1131aa, org.springframework.security.web.servletapi.SecurityContextHolderAwareRequestFilter@2ebb16d6, org.springframework.security.web.authentication.AnonymousAuthenticationFilter@4019e07d, org.springframework.security.web.session.SessionManagementFilter@642148cc, org.springframework.security.web.access.ExceptionTranslationFilter@5825b7a7, org.springframework.security.web.access.intercept.AuthorizationFilter@2b6a6117]
2026-04-04T14:41:04.356+05:30 DEBUG 3336 --- [           main] com.bytechat.config.JwtFilter            : Filter 'jwtFilter' configured for use
2026-04-04T14:41:04.366+05:30  INFO 3336 --- [           main] o.s.b.t.m.w.SpringBootMockServletContext : Initializing Spring TestDispatcherServlet ''
2026-04-04T14:41:04.366+05:30  INFO 3336 --- [           main] o.s.t.web.servlet.TestDispatcherServlet  : Initializing Servlet ''
2026-04-04T14:41:04.368+05:30  INFO 3336 --- [           main] o.s.t.web.servlet.TestDispatcherServlet  : Completed initialization in 2 ms
2026-04-04T14:41:04.382+05:30  INFO 3336 --- [           main] o.s.m.s.b.SimpleBrokerMessageHandler     : Starting...
2026-04-04T14:41:04.382+05:30  INFO 3336 --- [           main] o.s.m.s.b.SimpleBrokerMessageHandler     : BrokerAvailabilityEvent[available=true, SimpleBrokerMessageHandler [org.springframework.messaging.simp.broker.DefaultSubscriptionRegistry@12db6299]]
2026-04-04T14:41:04.382+05:30  INFO 3336 --- [           main] o.s.m.s.b.SimpleBrokerMessageHandler     : Started.
2026-04-04T14:41:04.386+05:30  INFO 3336 --- [           main] .c.NotificationControllerIntegrationTest : Started NotificationControllerIntegrationTest in 3.796 seconds (process running for 247.965)
2026-04-04T14:41:04.404+05:30  INFO 3336 --- [           main] c.b.controllers.NotificationController   : Fetching notifications for user ID: 1
]]></system-out>
  </testcase>
  <testcase name="markWorkspaceAsRead_Success" classname="com.bytechat.controllers.NotificationControllerIntegrationTest" time="0.012"/>
  <testcase name="acceptInvite_Success" classname="com.bytechat.controllers.NotificationControllerIntegrationTest" time="0.016"/>
  <testcase name="markAsRead_Success" classname="com.bytechat.controllers.NotificationControllerIntegrationTest" time="0.011">
    <system-out><![CDATA[2026-04-04T14:41:04.458+05:30  INFO 3336 --- [           main] c.b.controllers.NotificationController   : Marking notification 1 as read for user ID: 1
]]></system-out>
  </testcase>
  <testcase name="markChannelAsRead_Success" classname="com.bytechat.controllers.NotificationControllerIntegrationTest" time="0.014"/>
  <testcase name="markDMAsRead_Success" classname="com.bytechat.controllers.NotificationControllerIntegrationTest" time="0.015"/>
</testsuite>