<?xml version="1.0" encoding="UTF-8"?>
<testsuite xmlns:xsi="http://www.w3.org/2001/XMLSchema-instance" xsi:noNamespaceSchemaLocation="https://maven.apache.org/surefire/maven-surefire-plugin/xsd/surefire-test-report-3.0.xsd" version="3.0" name="com.bytechat.controllers.DirectMessageControllerIntegrationTest" time="23.757" tests="8" errors="0" skipped="0" failures="0">
  <properties>
[...]
</properties>
  <testcase name="sendDirectMessage_Success" classname="com.bytechat.controllers.DirectMessageControllerIntegrationTest" time="0.168">
    <system-out><![CDATA[2026-04-04T14:39:17.676+05:30  INFO 3336 --- [           main] tc.postgres:15-alpine                    : Creating container for image: postgres:15-alpine
2026-04-04T14:39:18.130+05:30  INFO 3336 --- [           main] tc.postgres:15-alpine                    : Container postgres:15-alpine is starting: 9b7b3bc6bf056ce723be78c3606b8fe47b0256d63f54f3e6ebe7c56b5f5558d4
2026-04-04T14:39:18.290+05:30  INFO 3336 --- [MessageBroker-1] o.s.w.s.c.WebSocketMessageBrokerStats    : WebSocketSession[0 current WS(0)-HttpStream(0)-HttpPoll(0), 0 total, 0 closed abnormally (0 connect failure, 0 send limit, 0 transport error)], stompSubProtocol[processed CONNECT(0)-CONNECTED(0)-DISCONNECT(0)], stompBrokerRelay[null], inboundChannel[pool size = 0, active threads = 0, queued tasks = 0, completed tasks = 0], outboundChannel[pool size = 0, active threads = 0, queued tasks = 0, completed tasks = 0], sockJsScheduler[pool size = 1, active threads = 1, queued tasks = 0, completed tasks = 0]
2026-04-04T14:39:24.090+05:30  INFO 3336 --- [           main] tc.postgres:15-alpine                    : Container postgres:15-alpine started in PT6.4143105S
2026-04-04T14:39:24.093+05:30  INFO 3336 --- [           main] tc.postgres:15-alpine                    : Container is started (JDBC URL: jdbc:postgresql://localhost:65372/bytechat_test?loggerLevel=OFF)
2026-04-04T14:39:24.099+05:30  INFO 3336 --- [           main] t.c.s.AnnotationConfigContextLoaderUtils : Could not detect default configuration classes for test class [com.bytechat.controllers.DirectMessageControllerIntegrationTest]: DirectMessageControllerIntegrationTest does not declare any static, non-private, non-final, nested classes annotated with @Configuration.
2026-04-04T14:39:24.126+05:30  INFO 3336 --- [           main] .b.t.c.SpringBootTestContextBootstrapper : Found @SpringBootConfiguration com.bytechat.ByteChatApplication for test class com.bytechat.controllers.DirectMessageControllerIntegrationTest
2026-04-04T14:39:24.188+05:30  INFO 3336 --- [           main] o.s.b.d.r.RestartApplicationListener     : Restart disabled due to context in which it is running

  .   ____          _            __ _ _
 /\\ / ___'_ __ _ _(_)_ __  __ _ \ \ \ \
( ( )\___ | '_ | '_| | '_ \/ _` | \ \ \ \
 \\/  ___)| |_)| | | | | || (_| |  ) ) ) )
  '  |____| .__|_| |_|_| |_\__, | / / / /
 =========|_|==============|___/=/_/_/_/
 :: Spring Boot ::                (v3.2.3)

2026-04-04T14:39:24.342+05:30  INFO 3336 --- [           main] c.DirectMessageControllerIntegrationTest : Starting DirectMessageControllerIntegrationTest using Java 21.0.5 with PID 3336 (started by Admin in D:\ByteChat\ByteChat\backend)
2026-04-04T14:39:24.342+05:30 DEBUG 3336 --- [           main] c.DirectMessageControllerIntegrationTest : Running with Spring Boot v3.2.3, Spring v6.1.4
2026-04-04T14:39:24.343+05:30  INFO 3336 --- [           main] c.DirectMessageControllerIntegrationTest : No active profile set, falling back to 1 default profile: "default"
2026-04-04T14:39:26.258+05:30  INFO 3336 --- [           main] .s.d.r.c.RepositoryConfigurationDelegate : Bootstrapping Spring Data JPA repositories in DEFAULT mode.
2026-04-04T14:39:26.452+05:30  INFO 3336 --- [           main] .s.d.r.c.RepositoryConfigurationDelegate : Finished Spring Data repository scanning in 193 ms. Found 14 JPA repository interfaces.
2026-04-04T14:39:26.929+05:30  INFO 3336 --- [           main] com.zaxxer.hikari.HikariDataSource       : HikariPool-4 - Starting...
2026-04-04T14:39:27.342+05:30  INFO 3336 --- [           main] com.zaxxer.hikari.pool.HikariPool        : HikariPool-4 - Added connection org.postgresql.jdbc.PgConnection@75fdda4e
2026-04-04T14:39:27.343+05:30  INFO 3336 --- [           main] com.zaxxer.hikari.HikariDataSource       : HikariPool-4 - Start completed.
2026-04-04T14:39:27.397+05:30  INFO 3336 --- [           main] org.flywaydb.core.FlywayExecutor         : Database: jdbc:postgresql://localhost:65372/bytechat_test (PostgreSQL 15.17)
2026-04-04T14:39:27.822+05:30  INFO 3336 --- [           main] o.f.c.i.s.JdbcTableSchemaHistory         : Schema history table "public"."flyway_schema_history" does not exist yet
2026-04-04T14:39:27.863+05:30  INFO 3336 --- [           main] o.f.core.internal.command.DbValidate     : Successfully validated 8 migrations (execution time 00:00.133s)
2026-04-04T14:39:27.988+05:30  INFO 3336 --- [           main] o.f.c.i.s.JdbcTableSchemaHistory         : Creating Schema History table "public"."flyway_schema_history" ...
2026-04-04T14:39:28.083+05:30  INFO 3336 --- [           main] o.f.core.internal.command.DbMigrate      : Current version of schema "public": << Empty Schema >>
2026-04-04T14:39:28.125+05:30  INFO 3336 --- [           main] o.f.core.internal.command.DbMigrate      : Migrating schema "public" to version "1 - consolidated schema"
2026-04-04T14:39:29.336+05:30  INFO 3336 --- [           main] o.f.core.internal.command.DbMigrate      : Migrating schema "public" to version "2 - add dm management columns"
2026-04-04T14:39:29.428+05:30  INFO 3336 --- [           main] o.f.core.internal.command.DbMigrate      : Migrating schema "public" to version "3 - add channel lifecycle columns"
2026-04-04T14:39:29.541+05:30  INFO 3336 --- [           main] o.f.core.internal.command.DbMigrate      : Migrating schema "public" to version "4 - update channel members table"
2026-04-04T14:39:29.740+05:30  INFO 3336 --- [           main] o.f.core.internal.command.DbMigrate      : Migrating schema "public" to version "5 - add hidden message tables"
2026-04-04T14:39:30.270+05:30  INFO 3336 --- [           main] o.f.core.internal.command.DbMigrate      : Migrating schema "public" to version "6 - add reply message columns"
2026-04-04T14:39:30.624+05:30  INFO 3336 --- [           main] o.f.core.internal.command.DbMigrate      : Migrating schema "public" to version "7 - add pinned by columns"
2026-04-04T14:39:30.882+05:30  INFO 3336 --- [           main] o.f.core.internal.command.DbMigrate      : Migrating schema "public" to version "8 - add channel meetings"
2026-04-04T14:39:30.993+05:30  INFO 3336 --- [           main] o.f.core.internal.command.DbMigrate      : Successfully applied 8 migrations to schema "public", now at version v8 (execution time 00:01.555s)
2026-04-04T14:39:31.078+05:30  INFO 3336 --- [           main] o.hibernate.jpa.internal.util.LogHelper  : HHH000204: Processing PersistenceUnitInfo [name: default]
2026-04-04T14:39:31.086+05:30  INFO 3336 --- [           main] o.h.c.internal.RegionFactoryInitiator    : HHH000026: Second-level cache disabled
2026-04-04T14:39:31.101+05:30  INFO 3336 --- [           main] o.s.o.j.p.SpringPersistenceUnitInfo      : No LoadTimeWeaver setup: ignoring JPA class transformer
2026-04-04T14:39:32.186+05:30  INFO 3336 --- [           main] o.h.e.t.j.p.i.JtaPlatformInitiator       : HHH000489: No JTA platform available (set 'hibernate.transaction.jta.platform' to enable JTA platform integration)
2026-04-04T14:39:32.992+05:30 DEBUG 3336 --- [           main] org.hibernate.SQL                        : 
    alter table if exists message_reads 
       drop constraint if exists UKl0x51fmanqat20ltc7jcchg3w
Hibernate: 
    alter table if exists message_reads 
       drop constraint if exists UKl0x51fmanqat20ltc7jcchg3w
2026-04-04T14:39:33.008+05:30  WARN 3336 --- [           main] o.h.engine.jdbc.spi.SqlExceptionHelper   : SQL Warning Code: 0, SQLState: 00000
2026-04-04T14:39:33.008+05:30  WARN 3336 --- [           main] o.h.engine.jdbc.spi.SqlExceptionHelper   : constraint "ukl0x51fmanqat20ltc7jcchg3w" of relation "message_reads" does not exist, skipping
2026-04-04T14:39:33.009+05:30 DEBUG 3336 --- [           main] org.hibernate.SQL                        : 
    alter table if exists message_reads 
       add constraint UKl0x51fmanqat20ltc7jcchg3w unique (message_id, user_id)
Hibernate: 
    alter table if exists message_reads 
       add constraint UKl0x51fmanqat20ltc7jcchg3w unique (message_id, user_id)
2026-04-04T14:39:35.207+05:30  INFO 3336 --- [           main] j.LocalContainerEntityManagerFactoryBean : Initialized JPA EntityManagerFactory for persistence unit 'default'
2026-04-04T14:39:35.910+05:30  WARN 3336 --- [           main] JpaBaseConfiguration$JpaWebConfiguration : spring.jpa.open-in-view is enabled by default. Therefore, database queries may be performed during view rendering. Explicitly configure spring.jpa.open-in-view to disable this warning
2026-04-04T14:39:36.224+05:30  INFO 3336 --- [           main] o.s.s.web.DefaultSecurityFilterChain     : Will secure any request with [org.springframework.security.web.session.DisableEncodeUrlFilter@4f56820f, org.springframework.security.web.context.request.async.WebAsyncManagerIntegrationFilter@200dbc52, org.springframework.security.web.context.SecurityContextHolderFilter@7870442, org.springframework.security.web.header.HeaderWriterFilter@3674ffcb, org.springframework.web.filter.CorsFilter@54fca596, org.springframework.security.web.csrf.CsrfFilter@10eaf59b, org.springframework.security.web.authentication.logout.LogoutFilter@22db324, com.bytechat.config.JwtFilter@5bd23589, org.springframework.security.web.savedrequest.RequestCacheAwareFilter@5f66d428, org.springframework.security.web.servletapi.SecurityContextHolderAwareRequestFilter@4e7df2a8, org.springframework.security.web.authentication.AnonymousAuthenticationFilter@4b9447b1, org.springframework.security.web.session.SessionManagementFilter@408667e4, org.springframework.security.web.access.ExceptionTranslationFilter@6f36f1f3, org.springframework.security.web.access.intercept.AuthorizationFilter@4a4ab7b7]
2026-04-04T14:39:37.076+05:30 DEBUG 3336 --- [           main] com.bytechat.config.JwtFilter            : Filter 'jwtFilter' configured for use
2026-04-04T14:39:37.077+05:30  INFO 3336 --- [           main] o.s.b.t.m.w.SpringBootMockServletContext : Initializing Spring TestDispatcherServlet ''
2026-04-04T14:39:37.077+05:30  INFO 3336 --- [           main] o.s.t.web.servlet.TestDispatcherServlet  : Initializing Servlet ''
2026-04-04T14:39:37.083+05:30  INFO 3336 --- [           main] o.s.t.web.servlet.TestDispatcherServlet  : Completed initialization in 6 ms
2026-04-04T14:39:37.100+05:30  INFO 3336 --- [           main] o.s.m.s.b.SimpleBrokerMessageHandler     : Starting...
2026-04-04T14:39:37.100+05:30  INFO 3336 --- [           main] o.s.m.s.b.SimpleBrokerMessageHandler     : BrokerAvailabilityEvent[available=true, SimpleBrokerMessageHandler [org.springframework.messaging.simp.broker.DefaultSubscriptionRegistry@5e34ac1c]]
2026-04-04T14:39:37.200+05:30  INFO 3336 --- [           main] o.s.m.s.b.SimpleBrokerMessageHandler     : Started.
2026-04-04T14:39:37.222+05:30  INFO 3336 --- [           main] c.DirectMessageControllerIntegrationTest : Started DirectMessageControllerIntegrationTest in 13.035 seconds (process running for 160.801)
]]></system-out>
  </testcase>
  <testcase name="deleteMessage_Success" classname="com.bytechat.controllers.DirectMessageControllerIntegrationTest" time="0.108"/>
  <testcase name="editMessage_Success" classname="com.bytechat.controllers.DirectMessageControllerIntegrationTest" time="0.102"/>
  <testcase name="getConversationParticipant_Success" classname="com.bytechat.controllers.DirectMessageControllerIntegrationTest" time="0.051"/>
  <testcase name="markAsRead_Success" classname="com.bytechat.controllers.DirectMessageControllerIntegrationTest" time="0.069"/>
  <testcase name="reactToMessage_Success" classname="com.bytechat.controllers.DirectMessageControllerIntegrationTest" time="0.045"/>
  <testcase name="getDirectMessages_Success" classname="com.bytechat.controllers.DirectMessageControllerIntegrationTest" time="0.123">
    <system-out><![CDATA[2026-04-04T14:39:37.881+05:30  INFO 3336 --- [           main] c.b.controllers.DirectMessageController  : Fetching DMs for user 2 by user test@example.com
]]></system-out>
  </testcase>
  <testcase name="pinMessage_Success" classname="com.bytechat.controllers.DirectMessageControllerIntegrationTest" time="0.063">
    <system-out><![CDATA[2026-04-04T14:39:37.941+05:30  INFO 3336 --- [MessageBroker-1] o.s.w.s.c.WebSocketMessageBrokerStats    : WebSocketSession[0 current WS(0)-HttpStream(0)-HttpPoll(0), 0 total, 0 closed abnormally (0 connect failure, 0 send limit, 0 transport error)], stompSubProtocol[processed CONNECT(0)-CONNECTED(0)-DISCONNECT(0)], stompBrokerRelay[null], inboundChannel[pool size = 0, active threads = 0, queued tasks = 0, completed tasks = 0], outboundChannel[pool size = 0, active threads = 0, queued tasks = 0, completed tasks = 0], sockJsScheduler[pool size = 1, active threads = 1, queued tasks = 0, completed tasks = 0]
]]></system-out>
  </testcase>
</testsuite>