<?xml version="1.0" encoding="UTF-8"?>
<testsuite xmlns:xsi="http://www.w3.org/2001/XMLSchema-instance" xsi:noNamespaceSchemaLocation="https://maven.apache.org/surefire/maven-surefire-plugin/xsd/surefire-test-report-3.0.xsd" version="3.0" name="com.bytechat.controllers.DirectMessageControllerIntegrationTest" time="32.985" tests="3" errors="0" skipped="0" failures="0">
  <properties>
[...]
</properties>
  <testcase name="sendDirectMessage_Success" classname="com.bytechat.controllers.DirectMessageControllerIntegrationTest" time="1.601">
    <system-out><![CDATA[00:27:51.313 [main] INFO org.springframework.test.context.support.AnnotationConfigContextLoaderUtils -- Could not detect default configuration classes for test class [com.bytechat.controllers.DirectMessageControllerIntegrationTest]: DirectMessageControllerIntegrationTest does not declare any static, non-private, non-final, nested classes annotated with @Configuration.
00:27:51.778 [main] INFO org.springframework.boot.test.context.SpringBootTestContextBootstrapper -- Found @SpringBootConfiguration com.bytechat.ByteChatApplication for test class com.bytechat.controllers.DirectMessageControllerIntegrationTest
00:27:52.126 [main] INFO org.springframework.boot.devtools.restart.RestartApplicationListener -- Restart disabled due to context in which it is running

  .   ____          _            __ _ _
 /\\ / ___'_ __ _ _(_)_ __  __ _ \ \ \ \
( ( )\___ | '_ | '_| | '_ \/ _` | \ \ \ \
 \\/  ___)| |_)| | | | | || (_| |  ) ) ) )
  '  |____| .__|_| |_|_| |_\__, | / / / /
 =========|_|==============|___/=/_/_/_/
 :: Spring Boot ::                (v3.2.3)

2026-03-19T00:27:52.805+05:30  INFO 12296 --- [           main] c.DirectMessageControllerIntegrationTest : Starting DirectMessageControllerIntegrationTest using Java 21.0.5 with PID 12296 (started by Admin in D:\ByteChat\ByteChat\backend)
2026-03-19T00:27:52.808+05:30 DEBUG 12296 --- [           main] c.DirectMessageControllerIntegrationTest : Running with Spring Boot v3.2.3, Spring v6.1.4
2026-03-19T00:27:52.810+05:30  INFO 12296 --- [           main] c.DirectMessageControllerIntegrationTest : The following 1 profile is active: "test"
2026-03-19T00:27:55.719+05:30  INFO 12296 --- [           main] .s.d.r.c.RepositoryConfigurationDelegate : Bootstrapping Spring Data JPA repositories in DEFAULT mode.
2026-03-19T00:27:56.117+05:30  INFO 12296 --- [           main] .s.d.r.c.RepositoryConfigurationDelegate : Finished Spring Data repository scanning in 377 ms. Found 13 JPA repository interfaces.
2026-03-19T00:28:00.466+05:30  INFO 12296 --- [           main] o.hibernate.jpa.internal.util.LogHelper  : HHH000204: Processing PersistenceUnitInfo [name: default]
2026-03-19T00:28:00.783+05:30  INFO 12296 --- [           main] org.hibernate.Version                    : HHH000412: Hibernate ORM core version 6.4.4.Final
2026-03-19T00:28:00.948+05:30  INFO 12296 --- [           main] o.h.c.internal.RegionFactoryInitiator    : HHH000026: Second-level cache disabled
2026-03-19T00:28:01.567+05:30  INFO 12296 --- [           main] o.s.o.j.p.SpringPersistenceUnitInfo      : No LoadTimeWeaver setup: ignoring JPA class transformer
2026-03-19T00:28:01.675+05:30  INFO 12296 --- [           main] com.zaxxer.hikari.HikariDataSource       : HikariPool-1 - Starting...
2026-03-19T00:28:02.497+05:30  INFO 12296 --- [           main] com.zaxxer.hikari.pool.HikariPool        : HikariPool-1 - Added connection org.postgresql.jdbc.PgConnection@59282dc6
2026-03-19T00:28:02.500+05:30  INFO 12296 --- [           main] com.zaxxer.hikari.HikariDataSource       : HikariPool-1 - Start completed.
2026-03-19T00:28:02.607+05:30  WARN 12296 --- [           main] org.hibernate.orm.deprecation            : HHH90000025: PostgreSQLDialect does not need to be specified explicitly using 'hibernate.dialect' (remove the property setting and it will be selected by default)
2026-03-19T00:28:06.532+05:30  INFO 12296 --- [           main] o.h.e.t.j.p.i.JtaPlatformInitiator       : HHH000489: No JTA platform available (set 'hibernate.transaction.jta.platform' to enable JTA platform integration)
2026-03-19T00:28:06.569+05:30 DEBUG 12296 --- [           main] org.hibernate.SQL                        : 
    alter table if exists attachments 
       drop constraint if exists FKcf4ta8qdkixetfy7wnqfv3vkv
Hibernate: 
    alter table if exists attachments 
       drop constraint if exists FKcf4ta8qdkixetfy7wnqfv3vkv
2026-03-19T00:28:06.575+05:30  WARN 12296 --- [           main] o.h.engine.jdbc.spi.SqlExceptionHelper   : SQL Warning Code: 0, SQLState: 00000
2026-03-19T00:28:06.575+05:30  WARN 12296 --- [           main] o.h.engine.jdbc.spi.SqlExceptionHelper   : relation "attachments" does not exist, skipping
2026-03-19T00:28:06.575+05:30 DEBUG 12296 --- [           main] org.hibernate.SQL                        : 
    alter table if exists attachments 
       drop constraint if exists FKr60r9lnkb1bv66bqanw3vb4ne
Hibernate: 
    alter table if exists attachments 
       drop constraint if exists FKr60r9lnkb1bv66bqanw3vb4ne
2026-03-19T00:28:06.578+05:30  WARN 12296 --- [           main] o.h.engine.jdbc.spi.SqlExceptionHelper   : SQL Warning Code: 0, SQLState: 00000
2026-03-19T00:28:06.578+05:30  WARN 12296 --- [           main] o.h.engine.jdbc.spi.SqlExceptionHelper   : relation "attachments" does not exist, skipping
2026-03-19T00:28:06.579+05:30 DEBUG 12296 --- [           main] org.hibernate.SQL                        : 
    alter table if exists channel_invitations 
       drop constraint if exists FKo7xoquf05ql0t3ge2yvglsmkl
Hibernate: 
    alter table if exists channel_invitations 
       drop constraint if exists FKo7xoquf05ql0t3ge2yvglsmkl
2026-03-19T00:28:06.581+05:30  WARN 12296 --- [           main] o.h.engine.jdbc.spi.SqlExceptionHelper   : SQL Warning Code: 0, SQLState: 00000
2026-03-19T00:28:06.581+05:30  WARN 12296 --- [           main] o.h.engine.jdbc.spi.SqlExceptionHelper   : relation "channel_invitations" does not exist, skipping
2026-03-19T00:28:06.582+05:30 DEBUG 12296 --- [           main] org.hibernate.SQL                        : 
    alter table if exists channel_invitations 
       drop constraint if exists FKme8opxf0xpeg6jhqui8wskuei
Hibernate: 
    alter table if exists channel_invitations 
       drop constraint if exists FKme8opxf0xpeg6jhqui8wskuei
2026-03-19T00:28:06.583+05:30  WARN 12296 --- [           main] o.h.engine.jdbc.spi.SqlExceptionHelper   : SQL Warning Code: 0, SQLState: 00000
2026-03-19T00:28:06.583+05:30  WARN 12296 --- [           main] o.h.engine.jdbc.spi.SqlExceptionHelper   : relation "channel_invitations" does not exist, skipping
2026-03-19T00:28:06.583+05:30 DEBUG 12296 --- [           main] org.hibernate.SQL                        : 
    alter table if exists channel_invitations 
       drop constraint if exists FK3n8wmnwf6byo257w63y818i8e
Hibernate: 
    alter table if exists channel_invitations 
       drop constraint if exists FK3n8wmnwf6byo257w63y818i8e
2026-03-19T00:28:06.584+05:30  WARN 12296 --- [           main] o.h.engine.jdbc.spi.SqlExceptionHelper   : SQL Warning Code: 0, SQLState: 00000
2026-03-19T00:28:06.584+05:30  WARN 12296 --- [           main] o.h.engine.jdbc.spi.SqlExceptionHelper   : relation "channel_invitations" does not exist, skipping
2026-03-19T00:28:06.584+05:30 DEBUG 12296 --- [           main] org.hibernate.SQL                        : 
    alter table if exists channel_members 
       drop constraint if exists FK5w7mqibtg5vbjt7xq6xyhc479
Hibernate: 
    alter table if exists channel_members 
       drop constraint if exists FK5w7mqibtg5vbjt7xq6xyhc479
2026-03-19T00:28:06.585+05:30  WARN 12296 --- [           main] o.h.engine.jdbc.spi.SqlExceptionHelper   : SQL Warning Code: 0, SQLState: 00000
2026-03-19T00:28:06.586+05:30  WARN 12296 --- [           main] o.h.engine.jdbc.spi.SqlExceptionHelper   : relation "channel_members" does not exist, skipping
2026-03-19T00:28:06.586+05:30 DEBUG 12296 --- [           main] org.hibernate.SQL                        : 
    alter table if exists channel_members 
       drop constraint if exists FKjunpxp98pv6g23t5d3w5hx8ji
Hibernate: 
    alter table if exists channel_members 
       drop constraint if exists FKjunpxp98pv6g23t5d3w5hx8ji
2026-03-19T00:28:06.587+05:30  WARN 12296 --- [           main] o.h.engine.jdbc.spi.SqlExceptionHelper   : SQL Warning Code: 0, SQLState: 00000
2026-03-19T00:28:06.587+05:30  WARN 12296 --- [           main] o.h.engine.jdbc.spi.SqlExceptionHelper   : relation "channel_members" does not exist, skipping
2026-03-19T00:28:06.588+05:30 DEBUG 12296 --- [           main] org.hibernate.SQL                        : 
    alter table if exists channels 
       drop constraint if exists FKj5bvg2dapo5aqh7j9xc2wr8e3
Hibernate: 
    alter table if exists channels 
       drop constraint if exists FKj5bvg2dapo5aqh7j9xc2wr8e3
2026-03-19T00:28:06.589+05:30  WARN 12296 --- [           main] o.h.engine.jdbc.spi.SqlExceptionHelper   : SQL Warning Code: 0, SQLState: 00000
2026-03-19T00:28:06.589+05:30  WARN 12296 --- [           main] o.h.engine.jdbc.spi.SqlExceptionHelper   : relation "channels" does not exist, skipping
2026-03-19T00:28:06.589+05:30 DEBUG 12296 --- [           main] org.hibernate.SQL                        : 
    alter table if exists channels 
       drop constraint if exists FK6sm2dry33aemqyix6ydqmjrj6
Hibernate: 
    alter table if exists channels 
       drop constraint if exists FK6sm2dry33aemqyix6ydqmjrj6
2026-03-19T00:28:06.590+05:30  WARN 12296 --- [           main] o.h.engine.jdbc.spi.SqlExceptionHelper   : SQL Warning Code: 0, SQLState: 00000
2026-03-19T00:28:06.590+05:30  WARN 12296 --- [           main] o.h.engine.jdbc.spi.SqlExceptionHelper   : relation "channels" does not exist, skipping
2026-03-19T00:28:06.590+05:30 DEBUG 12296 --- [           main] org.hibernate.SQL                        : 
    alter table if exists direct_message_hidden_users 
       drop constraint if exists FK3bxavuu4h2gi6ihbeksqpfp22
Hibernate: 
    alter table if exists direct_message_hidden_users 
       drop constraint if exists FK3bxavuu4h2gi6ihbeksqpfp22
2026-03-19T00:28:06.591+05:30  WARN 12296 --- [           main] o.h.engine.jdbc.spi.SqlExceptionHelper   : SQL Warning Code: 0, SQLState: 00000
2026-03-19T00:28:06.592+05:30  WARN 12296 --- [           main] o.h.engine.jdbc.spi.SqlExceptionHelper   : relation "direct_message_hidden_users" does not exist, skipping
2026-03-19T00:28:06.592+05:30 DEBUG 12296 --- [           main] org.hibernate.SQL                        : 
    alter table if exists direct_messages 
       drop constraint if exists FK7jcln0adoq6mv6p71x1y5aln3
Hibernate: 
    alter table if exists direct_messages 
       drop constraint if exists FK7jcln0adoq6mv6p71x1y5aln3
2026-03-19T00:28:06.594+05:30  WARN 12296 --- [           main] o.h.engine.jdbc.spi.SqlExceptionHelper   : SQL Warning Code: 0, SQLState: 00000
2026-03-19T00:28:06.595+05:30  WARN 12296 --- [           main] o.h.engine.jdbc.spi.SqlExceptionHelper   : relation "direct_messages" does not exist, skipping
2026-03-19T00:28:06.595+05:30 DEBUG 12296 --- [           main] org.hibernate.SQL                        : 
    alter table if exists direct_messages 
       drop constraint if exists FK8prvpwn46hap1dbp8xwh63wlf
Hibernate: 
    alter table if exists direct_messages 
       drop constraint if exists FK8prvpwn46hap1dbp8xwh63wlf
2026-03-19T00:28:06.597+05:30  WARN 12296 --- [           main] o.h.engine.jdbc.spi.SqlExceptionHelper   : SQL Warning Code: 0, SQLState: 00000
2026-03-19T00:28:06.597+05:30  WARN 12296 --- [           main] o.h.engine.jdbc.spi.SqlExceptionHelper   : relation "direct_messages" does not exist, skipping
2026-03-19T00:28:06.597+05:30 DEBUG 12296 --- [           main] org.hibernate.SQL                        : 
    alter table if exists direct_messages 
       drop constraint if exists FKwwdaofacdgtpksin3j7sqj6f
Hibernate: 
    alter table if exists direct_messages 
       drop constraint if exists FKwwdaofacdgtpksin3j7sqj6f
2026-03-19T00:28:06.598+05:30  WARN 12296 --- [           main] o.h.engine.jdbc.spi.SqlExceptionHelper   : SQL Warning Code: 0, SQLState: 00000
2026-03-19T00:28:06.598+05:30  WARN 12296 --- [           main] o.h.engine.jdbc.spi.SqlExceptionHelper   : relation "direct_messages" does not exist, skipping
2026-03-19T00:28:06.598+05:30 DEBUG 12296 --- [           main] org.hibernate.SQL                        : 
    alter table if exists dm_requests 
       drop constraint if exists FKdv9bqmfvb8uali5ctm0lvst30
Hibernate: 
    alter table if exists dm_requests 
       drop constraint if exists FKdv9bqmfvb8uali5ctm0lvst30
2026-03-19T00:28:06.599+05:30  WARN 12296 --- [           main] o.h.engine.jdbc.spi.SqlExceptionHelper   : SQL Warning Code: 0, SQLState: 00000
2026-03-19T00:28:06.599+05:30  WARN 12296 --- [           main] o.h.engine.jdbc.spi.SqlExceptionHelper   : relation "dm_requests" does not exist, skipping
2026-03-19T00:28:06.599+05:30 DEBUG 12296 --- [           main] org.hibernate.SQL                        : 
    alter table if exists dm_requests 
       drop constraint if exists FKgfhe9weqonod6e1q0lhlus0d4
Hibernate: 
    alter table if exists dm_requests 
       drop constraint if exists FKgfhe9weqonod6e1q0lhlus0d4
2026-03-19T00:28:06.600+05:30  WARN 12296 --- [           main] o.h.engine.jdbc.spi.SqlExceptionHelper   : SQL Warning Code: 0, SQLState: 00000
2026-03-19T00:28:06.600+05:30  WARN 12296 --- [           main] o.h.engine.jdbc.spi.SqlExceptionHelper   : relation "dm_requests" does not exist, skipping
2026-03-19T00:28:06.600+05:30 DEBUG 12296 --- [           main] org.hibernate.SQL                        : 
    alter table if exists dm_requests 
       drop constraint if exists FKf5ou483a6yuveq51mmwf9hf2p
Hibernate: 
    alter table if exists dm_requests 
       drop constraint if exists FKf5ou483a6yuveq51mmwf9hf2p
2026-03-19T00:28:06.601+05:30  WARN 12296 --- [           main] o.h.engine.jdbc.spi.SqlExceptionHelper   : SQL Warning Code: 0, SQLState: 00000
2026-03-19T00:28:06.602+05:30  WARN 12296 --- [           main] o.h.engine.jdbc.spi.SqlExceptionHelper   : relation "dm_requests" does not exist, skipping
2026-03-19T00:28:06.602+05:30 DEBUG 12296 --- [           main] org.hibernate.SQL                        : 
    alter table if exists message_hidden_users 
       drop constraint if exists FK5934d9ycb3idcamocglty3nft
Hibernate: 
    alter table if exists message_hidden_users 
       drop constraint if exists FK5934d9ycb3idcamocglty3nft
2026-03-19T00:28:06.603+05:30  WARN 12296 --- [           main] o.h.engine.jdbc.spi.SqlExceptionHelper   : SQL Warning Code: 0, SQLState: 00000
2026-03-19T00:28:06.603+05:30  WARN 12296 --- [           main] o.h.engine.jdbc.spi.SqlExceptionHelper   : relation "message_hidden_users" does not exist, skipping
2026-03-19T00:28:06.603+05:30 DEBUG 12296 --- [           main] org.hibernate.SQL                        : 
    alter table if exists message_mentions 
       drop constraint if exists FKn8dkm95maeahsjpbee9cnbntd
Hibernate: 
    alter table if exists message_mentions 
       drop constraint if exists FKn8dkm95maeahsjpbee9cnbntd
2026-03-19T00:28:06.604+05:30  WARN 12296 --- [           main] o.h.engine.jdbc.spi.SqlExceptionHelper   : SQL Warning Code: 0, SQLState: 00000
2026-03-19T00:28:06.604+05:30  WARN 12296 --- [           main] o.h.engine.jdbc.spi.SqlExceptionHelper   : relation "message_mentions" does not exist, skipping
2026-03-19T00:28:06.604+05:30 DEBUG 12296 --- [           main] org.hibernate.SQL                        : 
    alter table if exists message_reads 
       drop constraint if exists FK4hf3vygb7iguer8spwq89xwsa
Hibernate: 
    alter table if exists message_reads 
       drop constraint if exists FK4hf3vygb7iguer8spwq89xwsa
2026-03-19T00:28:06.605+05:30  WARN 12296 --- [           main] o.h.engine.jdbc.spi.SqlExceptionHelper   : SQL Warning Code: 0, SQLState: 00000
2026-03-19T00:28:06.605+05:30  WARN 12296 --- [           main] o.h.engine.jdbc.spi.SqlExceptionHelper   : relation "message_reads" does not exist, skipping
2026-03-19T00:28:06.605+05:30 DEBUG 12296 --- [           main] org.hibernate.SQL                        : 
    alter table if exists message_reads 
       drop constraint if exists FKd25ttt384b7vp2bqtw19gighu
Hibernate: 
    alter table if exists message_reads 
       drop constraint if exists FKd25ttt384b7vp2bqtw19gighu
2026-03-19T00:28:06.606+05:30  WARN 12296 --- [           main] o.h.engine.jdbc.spi.SqlExceptionHelper   : SQL Warning Code: 0, SQLState: 00000
2026-03-19T00:28:06.606+05:30  WARN 12296 --- [           main] o.h.engine.jdbc.spi.SqlExceptionHelper   : relation "message_reads" does not exist, skipping
2026-03-19T00:28:06.607+05:30 DEBUG 12296 --- [           main] org.hibernate.SQL                        : 
    alter table if exists messages 
       drop constraint if exists FK3u3ckbhwq9se1cmopk2pq05b2
Hibernate: 
    alter table if exists messages 
       drop constraint if exists FK3u3ckbhwq9se1cmopk2pq05b2
2026-03-19T00:28:06.608+05:30  WARN 12296 --- [           main] o.h.engine.jdbc.spi.SqlExceptionHelper   : SQL Warning Code: 0, SQLState: 00000
2026-03-19T00:28:06.608+05:30  WARN 12296 --- [           main] o.h.engine.jdbc.spi.SqlExceptionHelper   : relation "messages" does not exist, skipping
2026-03-19T00:28:06.608+05:30 DEBUG 12296 --- [           main] org.hibernate.SQL                        : 
    alter table if exists messages 
       drop constraint if exists FK4ui4nnwntodh6wjvck53dbk9m
Hibernate: 
    alter table if exists messages 
       drop constraint if exists FK4ui4nnwntodh6wjvck53dbk9m
2026-03-19T00:28:06.610+05:30  WARN 12296 --- [           main] o.h.engine.jdbc.spi.SqlExceptionHelper   : SQL Warning Code: 0, SQLState: 00000
2026-03-19T00:28:06.611+05:30  WARN 12296 --- [           main] o.h.engine.jdbc.spi.SqlExceptionHelper   : relation "messages" does not exist, skipping
2026-03-19T00:28:06.611+05:30 DEBUG 12296 --- [           main] org.hibernate.SQL                        : 
    alter table if exists notifications 
       drop constraint if exists FKqqnsjxlwleyjbxlmm213jaj3f
Hibernate: 
    alter table if exists notifications 
       drop constraint if exists FKqqnsjxlwleyjbxlmm213jaj3f
2026-03-19T00:28:06.613+05:30  WARN 12296 --- [           main] o.h.engine.jdbc.spi.SqlExceptionHelper   : SQL Warning Code: 0, SQLState: 00000
2026-03-19T00:28:06.613+05:30  WARN 12296 --- [           main] o.h.engine.jdbc.spi.SqlExceptionHelper   : relation "notifications" does not exist, skipping
2026-03-19T00:28:06.613+05:30 DEBUG 12296 --- [           main] org.hibernate.SQL                        : 
    alter table if exists reactions 
       drop constraint if exists FKg7p9a9gnfl6lvhe9rk31rc1dq
Hibernate: 
    alter table if exists reactions 
       drop constraint if exists FKg7p9a9gnfl6lvhe9rk31rc1dq
2026-03-19T00:28:06.614+05:30  WARN 12296 --- [           main] o.h.engine.jdbc.spi.SqlExceptionHelper   : SQL Warning Code: 0, SQLState: 00000
2026-03-19T00:28:06.614+05:30  WARN 12296 --- [           main] o.h.engine.jdbc.spi.SqlExceptionHelper   : relation "reactions" does not exist, skipping
2026-03-19T00:28:06.614+05:30 DEBUG 12296 --- [           main] org.hibernate.SQL                        : 
    alter table if exists reactions 
       drop constraint if exists FKlmwgdoo3g3f4g0wsgc1lmwfby
Hibernate: 
    alter table if exists reactions 
       drop constraint if exists FKlmwgdoo3g3f4g0wsgc1lmwfby
2026-03-19T00:28:06.615+05:30  WARN 12296 --- [           main] o.h.engine.jdbc.spi.SqlExceptionHelper   : SQL Warning Code: 0, SQLState: 00000
2026-03-19T00:28:06.616+05:30  WARN 12296 --- [           main] o.h.engine.jdbc.spi.SqlExceptionHelper   : relation "reactions" does not exist, skipping
2026-03-19T00:28:06.616+05:30 DEBUG 12296 --- [           main] org.hibernate.SQL                        : 
    alter table if exists reactions 
       drop constraint if exists FKqmewaibcp5bxtlqxc2cawhuln
Hibernate: 
    alter table if exists reactions 
       drop constraint if exists FKqmewaibcp5bxtlqxc2cawhuln
2026-03-19T00:28:06.617+05:30  WARN 12296 --- [           main] o.h.engine.jdbc.spi.SqlExceptionHelper   : SQL Warning Code: 0, SQLState: 00000
2026-03-19T00:28:06.618+05:30  WARN 12296 --- [           main] o.h.engine.jdbc.spi.SqlExceptionHelper   : relation "reactions" does not exist, skipping
2026-03-19T00:28:06.618+05:30 DEBUG 12296 --- [           main] org.hibernate.SQL                        : 
    alter table if exists workspace_invitations 
       drop constraint if exists FKcw13o1mp447qs3h7kphm8hktm
Hibernate: 
    alter table if exists workspace_invitations 
       drop constraint if exists FKcw13o1mp447qs3h7kphm8hktm
2026-03-19T00:28:06.620+05:30  WARN 12296 --- [           main] o.h.engine.jdbc.spi.SqlExceptionHelper   : SQL Warning Code: 0, SQLState: 00000
2026-03-19T00:28:06.620+05:30  WARN 12296 --- [           main] o.h.engine.jdbc.spi.SqlExceptionHelper   : relation "workspace_invitations" does not exist, skipping
2026-03-19T00:28:06.620+05:30 DEBUG 12296 --- [           main] org.hibernate.SQL                        : 
    alter table if exists workspace_invitations 
       drop constraint if exists FKj4tqiky662q6y79oc8gfh2ffa
Hibernate: 
    alter table if exists workspace_invitations 
       drop constraint if exists FKj4tqiky662q6y79oc8gfh2ffa
2026-03-19T00:28:06.621+05:30  WARN 12296 --- [           main] o.h.engine.jdbc.spi.SqlExceptionHelper   : SQL Warning Code: 0, SQLState: 00000
2026-03-19T00:28:06.622+05:30  WARN 12296 --- [           main] o.h.engine.jdbc.spi.SqlExceptionHelper   : relation "workspace_invitations" does not exist, skipping
2026-03-19T00:28:06.622+05:30 DEBUG 12296 --- [           main] org.hibernate.SQL                        : 
    alter table if exists workspace_invitations 
       drop constraint if exists FKcjk1r4awojk9f3vcc7gak8rnv
Hibernate: 
    alter table if exists workspace_invitations 
       drop constraint if exists FKcjk1r4awojk9f3vcc7gak8rnv
2026-03-19T00:28:06.623+05:30  WARN 12296 --- [           main] o.h.engine.jdbc.spi.SqlExceptionHelper   : SQL Warning Code: 0, SQLState: 00000
2026-03-19T00:28:06.623+05:30  WARN 12296 --- [           main] o.h.engine.jdbc.spi.SqlExceptionHelper   : relation "workspace_invitations" does not exist, skipping
2026-03-19T00:28:06.623+05:30 DEBUG 12296 --- [           main] org.hibernate.SQL                        : 
    alter table if exists workspace_members 
       drop constraint if exists FK6vtnpc3eexk504u61uepn40p1
Hibernate: 
    alter table if exists workspace_members 
       drop constraint if exists FK6vtnpc3eexk504u61uepn40p1
2026-03-19T00:28:06.624+05:30  WARN 12296 --- [           main] o.h.engine.jdbc.spi.SqlExceptionHelper   : SQL Warning Code: 0, SQLState: 00000
2026-03-19T00:28:06.624+05:30  WARN 12296 --- [           main] o.h.engine.jdbc.spi.SqlExceptionHelper   : relation "workspace_members" does not exist, skipping
2026-03-19T00:28:06.624+05:30 DEBUG 12296 --- [           main] org.hibernate.SQL                        : 
    alter table if exists workspace_members 
       drop constraint if exists FKw9hq87n3rvq2c4j47qo78i5r
Hibernate: 
    alter table if exists workspace_members 
       drop constraint if exists FKw9hq87n3rvq2c4j47qo78i5r
2026-03-19T00:28:06.628+05:30  WARN 12296 --- [           main] o.h.engine.jdbc.spi.SqlExceptionHelper   : SQL Warning Code: 0, SQLState: 00000
2026-03-19T00:28:06.628+05:30  WARN 12296 --- [           main] o.h.engine.jdbc.spi.SqlExceptionHelper   : relation "workspace_members" does not exist, skipping
2026-03-19T00:28:06.628+05:30 DEBUG 12296 --- [           main] org.hibernate.SQL                        : 
    alter table if exists workspaces 
       drop constraint if exists FK58ks96jjlsbhsh21cen7hr59h
Hibernate: 
    alter table if exists workspaces 
       drop constraint if exists FK58ks96jjlsbhsh21cen7hr59h
2026-03-19T00:28:06.630+05:30  WARN 12296 --- [           main] o.h.engine.jdbc.spi.SqlExceptionHelper   : SQL Warning Code: 0, SQLState: 00000
2026-03-19T00:28:06.630+05:30  WARN 12296 --- [           main] o.h.engine.jdbc.spi.SqlExceptionHelper   : relation "workspaces" does not exist, skipping
2026-03-19T00:28:06.631+05:30 DEBUG 12296 --- [           main] org.hibernate.SQL                        : 
    drop table if exists attachments cascade
Hibernate: 
    drop table if exists attachments cascade
2026-03-19T00:28:06.633+05:30  WARN 12296 --- [           main] o.h.engine.jdbc.spi.SqlExceptionHelper   : SQL Warning Code: 0, SQLState: 00000
2026-03-19T00:28:06.633+05:30  WARN 12296 --- [           main] o.h.engine.jdbc.spi.SqlExceptionHelper   : table "attachments" does not exist, skipping
2026-03-19T00:28:06.633+05:30 DEBUG 12296 --- [           main] org.hibernate.SQL                        : 
    drop table if exists channel_invitations cascade
Hibernate: 
    drop table if exists channel_invitations cascade
2026-03-19T00:28:06.634+05:30  WARN 12296 --- [           main] o.h.engine.jdbc.spi.SqlExceptionHelper   : SQL Warning Code: 0, SQLState: 00000
2026-03-19T00:28:06.634+05:30  WARN 12296 --- [           main] o.h.engine.jdbc.spi.SqlExceptionHelper   : table "channel_invitations" does not exist, skipping
2026-03-19T00:28:06.634+05:30 DEBUG 12296 --- [           main] org.hibernate.SQL                        : 
    drop table if exists channel_members cascade
Hibernate: 
    drop table if exists channel_members cascade
2026-03-19T00:28:06.635+05:30  WARN 12296 --- [           main] o.h.engine.jdbc.spi.SqlExceptionHelper   : SQL Warning Code: 0, SQLState: 00000
2026-03-19T00:28:06.635+05:30  WARN 12296 --- [           main] o.h.engine.jdbc.spi.SqlExceptionHelper   : table "channel_members" does not exist, skipping
2026-03-19T00:28:06.636+05:30 DEBUG 12296 --- [           main] org.hibernate.SQL                        : 
    drop table if exists channels cascade
Hibernate: 
    drop table if exists channels cascade
2026-03-19T00:28:06.636+05:30  WARN 12296 --- [           main] o.h.engine.jdbc.spi.SqlExceptionHelper   : SQL Warning Code: 0, SQLState: 00000
2026-03-19T00:28:06.637+05:30  WARN 12296 --- [           main] o.h.engine.jdbc.spi.SqlExceptionHelper   : table "channels" does not exist, skipping
2026-03-19T00:28:06.637+05:30 DEBUG 12296 --- [           main] org.hibernate.SQL                        : 
    drop table if exists direct_message_hidden_users cascade
Hibernate: 
    drop table if exists direct_message_hidden_users cascade
2026-03-19T00:28:06.638+05:30  WARN 12296 --- [           main] o.h.engine.jdbc.spi.SqlExceptionHelper   : SQL Warning Code: 0, SQLState: 00000
2026-03-19T00:28:06.638+05:30  WARN 12296 --- [           main] o.h.engine.jdbc.spi.SqlExceptionHelper   : table "direct_message_hidden_users" does not exist, skipping
2026-03-19T00:28:06.639+05:30 DEBUG 12296 --- [           main] org.hibernate.SQL                        : 
    drop table if exists direct_messages cascade
Hibernate: 
    drop table if exists direct_messages cascade
2026-03-19T00:28:06.640+05:30  WARN 12296 --- [           main] o.h.engine.jdbc.spi.SqlExceptionHelper   : SQL Warning Code: 0, SQLState: 00000
2026-03-19T00:28:06.640+05:30  WARN 12296 --- [           main] o.h.engine.jdbc.spi.SqlExceptionHelper   : table "direct_messages" does not exist, skipping
2026-03-19T00:28:06.640+05:30 DEBUG 12296 --- [           main] org.hibernate.SQL                        : 
    drop table if exists dm_requests cascade
Hibernate: 
    drop table if exists dm_requests cascade
2026-03-19T00:28:06.641+05:30  WARN 12296 --- [           main] o.h.engine.jdbc.spi.SqlExceptionHelper   : SQL Warning Code: 0, SQLState: 00000
2026-03-19T00:28:06.641+05:30  WARN 12296 --- [           main] o.h.engine.jdbc.spi.SqlExceptionHelper   : table "dm_requests" does not exist, skipping
2026-03-19T00:28:06.641+05:30 DEBUG 12296 --- [           main] org.hibernate.SQL                        : 
    drop table if exists message_hidden_users cascade
Hibernate: 
    drop table if exists message_hidden_users cascade
2026-03-19T00:28:06.646+05:30  WARN 12296 --- [           main] o.h.engine.jdbc.spi.SqlExceptionHelper   : SQL Warning Code: 0, SQLState: 00000
2026-03-19T00:28:06.646+05:30  WARN 12296 --- [           main] o.h.engine.jdbc.spi.SqlExceptionHelper   : table "message_hidden_users" does not exist, skipping
2026-03-19T00:28:06.647+05:30 DEBUG 12296 --- [           main] org.hibernate.SQL                        : 
    drop table if exists message_mentions cascade
Hibernate: 
    drop table if exists message_mentions cascade
2026-03-19T00:28:06.648+05:30  WARN 12296 --- [           main] o.h.engine.jdbc.spi.SqlExceptionHelper   : SQL Warning Code: 0, SQLState: 00000
2026-03-19T00:28:06.649+05:30  WARN 12296 --- [           main] o.h.engine.jdbc.spi.SqlExceptionHelper   : table "message_mentions" does not exist, skipping
2026-03-19T00:28:06.650+05:30 DEBUG 12296 --- [           main] org.hibernate.SQL                        : 
    drop table if exists message_reads cascade
Hibernate: 
    drop table if exists message_reads cascade
2026-03-19T00:28:06.651+05:30  WARN 12296 --- [           main] o.h.engine.jdbc.spi.SqlExceptionHelper   : SQL Warning Code: 0, SQLState: 00000
2026-03-19T00:28:06.651+05:30  WARN 12296 --- [           main] o.h.engine.jdbc.spi.SqlExceptionHelper   : table "message_reads" does not exist, skipping
2026-03-19T00:28:06.651+05:30 DEBUG 12296 --- [           main] org.hibernate.SQL                        : 
    drop table if exists messages cascade
Hibernate: 
    drop table if exists messages cascade
2026-03-19T00:28:06.652+05:30  WARN 12296 --- [           main] o.h.engine.jdbc.spi.SqlExceptionHelper   : SQL Warning Code: 0, SQLState: 00000
2026-03-19T00:28:06.652+05:30  WARN 12296 --- [           main] o.h.engine.jdbc.spi.SqlExceptionHelper   : table "messages" does not exist, skipping
2026-03-19T00:28:06.652+05:30 DEBUG 12296 --- [           main] org.hibernate.SQL                        : 
    drop table if exists notifications cascade
Hibernate: 
    drop table if exists notifications cascade
2026-03-19T00:28:06.653+05:30  WARN 12296 --- [           main] o.h.engine.jdbc.spi.SqlExceptionHelper   : SQL Warning Code: 0, SQLState: 00000
2026-03-19T00:28:06.653+05:30  WARN 12296 --- [           main] o.h.engine.jdbc.spi.SqlExceptionHelper   : table "notifications" does not exist, skipping
2026-03-19T00:28:06.653+05:30 DEBUG 12296 --- [           main] org.hibernate.SQL                        : 
    drop table if exists otps cascade
Hibernate: 
    drop table if exists otps cascade
2026-03-19T00:28:06.654+05:30  WARN 12296 --- [           main] o.h.engine.jdbc.spi.SqlExceptionHelper   : SQL Warning Code: 0, SQLState: 00000
2026-03-19T00:28:06.654+05:30  WARN 12296 --- [           main] o.h.engine.jdbc.spi.SqlExceptionHelper   : table "otps" does not exist, skipping
2026-03-19T00:28:06.654+05:30 DEBUG 12296 --- [           main] org.hibernate.SQL                        : 
    drop table if exists reactions cascade
Hibernate: 
    drop table if exists reactions cascade
2026-03-19T00:28:06.655+05:30  WARN 12296 --- [           main] o.h.engine.jdbc.spi.SqlExceptionHelper   : SQL Warning Code: 0, SQLState: 00000
2026-03-19T00:28:06.655+05:30  WARN 12296 --- [           main] o.h.engine.jdbc.spi.SqlExceptionHelper   : table "reactions" does not exist, skipping
2026-03-19T00:28:06.655+05:30 DEBUG 12296 --- [           main] org.hibernate.SQL                        : 
    drop table if exists users cascade
Hibernate: 
    drop table if exists users cascade
2026-03-19T00:28:06.656+05:30  WARN 12296 --- [           main] o.h.engine.jdbc.spi.SqlExceptionHelper   : SQL Warning Code: 0, SQLState: 00000
2026-03-19T00:28:06.656+05:30  WARN 12296 --- [           main] o.h.engine.jdbc.spi.SqlExceptionHelper   : table "users" does not exist, skipping
2026-03-19T00:28:06.656+05:30 DEBUG 12296 --- [           main] org.hibernate.SQL                        : 
    drop table if exists workspace_invitations cascade
Hibernate: 
    drop table if exists workspace_invitations cascade
2026-03-19T00:28:06.656+05:30  WARN 12296 --- [           main] o.h.engine.jdbc.spi.SqlExceptionHelper   : SQL Warning Code: 0, SQLState: 00000
2026-03-19T00:28:06.657+05:30  WARN 12296 --- [           main] o.h.engine.jdbc.spi.SqlExceptionHelper   : table "workspace_invitations" does not exist, skipping
2026-03-19T00:28:06.657+05:30 DEBUG 12296 --- [           main] org.hibernate.SQL                        : 
    drop table if exists workspace_members cascade
Hibernate: 
    drop table if exists workspace_members cascade
2026-03-19T00:28:06.657+05:30  WARN 12296 --- [           main] o.h.engine.jdbc.spi.SqlExceptionHelper   : SQL Warning Code: 0, SQLState: 00000
2026-03-19T00:28:06.657+05:30  WARN 12296 --- [           main] o.h.engine.jdbc.spi.SqlExceptionHelper   : table "workspace_members" does not exist, skipping
2026-03-19T00:28:06.657+05:30 DEBUG 12296 --- [           main] org.hibernate.SQL                        : 
    drop table if exists workspaces cascade
Hibernate: 
    drop table if exists workspaces cascade
2026-03-19T00:28:06.658+05:30  WARN 12296 --- [           main] o.h.engine.jdbc.spi.SqlExceptionHelper   : SQL Warning Code: 0, SQLState: 00000
2026-03-19T00:28:06.659+05:30  WARN 12296 --- [           main] o.h.engine.jdbc.spi.SqlExceptionHelper   : table "workspaces" does not exist, skipping
2026-03-19T00:28:06.669+05:30 DEBUG 12296 --- [           main] org.hibernate.SQL                        : 
    create table attachments (
        file_size bigint,
        id bigserial not null,
        message_id bigint,
        uploaded_at timestamp(6) not null,
        uploader_id bigint not null,
        file_name varchar(255) not null,
        file_type varchar(255) not null,
        file_url varchar(255) not null,
        primary key (id)
    )
Hibernate: 
    create table attachments (
        file_size bigint,
        id bigserial not null,
        message_id bigint,
        uploaded_at timestamp(6) not null,
        uploader_id bigint not null,
        file_name varchar(255) not null,
        file_type varchar(255) not null,
        file_url varchar(255) not null,
        primary key (id)
    )
2026-03-19T00:28:06.836+05:30 DEBUG 12296 --- [           main] org.hibernate.SQL                        : 
    create table channel_invitations (
        channel_id bigint not null,
        created_at timestamp(6) not null,
        id bigserial not null,
        invitee_id bigint not null,
        inviter_id bigint not null,
        responded_at timestamp(6),
        status varchar(255) not null check (status in ('PENDING','ACCEPTED','REJECTED','EXPIRED')),
        primary key (id)
    )
Hibernate: 
    create table channel_invitations (
        channel_id bigint not null,
        created_at timestamp(6) not null,
        id bigserial not null,
        invitee_id bigint not null,
        inviter_id bigint not null,
        responded_at timestamp(6),
        status varchar(255) not null check (status in ('PENDING','ACCEPTED','REJECTED','EXPIRED')),
        primary key (id)
    )
2026-03-19T00:28:06.845+05:30 DEBUG 12296 --- [           main] org.hibernate.SQL                        : 
    create table channel_members (
        is_archived boolean not null,
        channel_id bigint not null,
        id bigserial not null,
        joined_at timestamp(6) not null,
        user_id bigint not null,
        role varchar(255) not null check (role in ('ADMIN','MEMBER')),
        primary key (id)
    )
Hibernate: 
    create table channel_members (
        is_archived boolean not null,
        channel_id bigint not null,
        id bigserial not null,
        joined_at timestamp(6) not null,
        user_id bigint not null,
        role varchar(255) not null check (role in ('ADMIN','MEMBER')),
        primary key (id)
    )
2026-03-19T00:28:06.851+05:30 DEBUG 12296 --- [           main] org.hibernate.SQL                        : 
    create table channels (
        is_archived boolean not null,
        is_default boolean not null,
        is_deleted boolean not null,
        is_private boolean not null,
        created_at timestamp(6) not null,
        created_by bigint not null,
        id bigserial not null,
        workspace_id bigint not null,
        description TEXT,
        name varchar(255) not null,
        primary key (id)
    )
Hibernate: 
    create table channels (
        is_archived boolean not null,
        is_default boolean not null,
        is_deleted boolean not null,
        is_private boolean not null,
        created_at timestamp(6) not null,
        created_by bigint not null,
        id bigserial not null,
        workspace_id bigint not null,
        description TEXT,
        name varchar(255) not null,
        primary key (id)
    )
2026-03-19T00:28:06.862+05:30 DEBUG 12296 --- [           main] org.hibernate.SQL                        : 
    create table direct_message_hidden_users (
        direct_message_id bigint not null,
        user_id bigint
    )
Hibernate: 
    create table direct_message_hidden_users (
        direct_message_id bigint not null,
        user_id bigint
    )
2026-03-19T00:28:06.865+05:30 DEBUG 12296 --- [           main] org.hibernate.SQL                        : 
    create table direct_messages (
        is_deleted boolean not null,
        is_pinned boolean not null,
        edited_at timestamp(6),
        from_user_id bigint not null,
        id bigserial not null,
        pinned_by_user_id bigint,
        read_at timestamp(6),
        reply_to_message_id bigint,
        sent_at timestamp(6) not null,
        to_user_id bigint not null,
        workspace_id bigint,
        content TEXT not null,
        pinned_by_name varchar(255),
        reply_to_content TEXT,
        reply_to_sender_name varchar(255),
        type varchar(255),
        primary key (id)
    )
Hibernate: 
    create table direct_messages (
        is_deleted boolean not null,
        is_pinned boolean not null,
        edited_at timestamp(6),
        from_user_id bigint not null,
        id bigserial not null,
        pinned_by_user_id bigint,
        read_at timestamp(6),
        reply_to_message_id bigint,
        sent_at timestamp(6) not null,
        to_user_id bigint not null,
        workspace_id bigint,
        content TEXT not null,
        pinned_by_name varchar(255),
        reply_to_content TEXT,
        reply_to_sender_name varchar(255),
        type varchar(255),
        primary key (id)
    )
2026-03-19T00:28:06.874+05:30 DEBUG 12296 --- [           main] org.hibernate.SQL                        : 
    create table dm_requests (
        created_at timestamp(6) not null,
        id bigserial not null,
        recipient_id bigint not null,
        requester_id bigint not null,
        responded_at timestamp(6),
        workspace_id bigint not null,
        status varchar(255) not null check (status in ('PENDING','ACCEPTED','REJECTED')),
        primary key (id)
    )
Hibernate: 
    create table dm_requests (
        created_at timestamp(6) not null,
        id bigserial not null,
        recipient_id bigint not null,
        requester_id bigint not null,
        responded_at timestamp(6),
        workspace_id bigint not null,
        status varchar(255) not null check (status in ('PENDING','ACCEPTED','REJECTED')),
        primary key (id)
    )
2026-03-19T00:28:06.883+05:30 DEBUG 12296 --- [           main] org.hibernate.SQL                        : 
    create table message_hidden_users (
        message_id bigint not null,
        user_id bigint
    )
Hibernate: 
    create table message_hidden_users (
        message_id bigint not null,
        user_id bigint
    )
2026-03-19T00:28:06.885+05:30 DEBUG 12296 --- [           main] org.hibernate.SQL                        : 
    create table message_mentions (
        message_id bigint not null,
        user_id bigint
    )
Hibernate: 
    create table message_mentions (
        message_id bigint not null,
        user_id bigint
    )
2026-03-19T00:28:06.887+05:30 DEBUG 12296 --- [           main] org.hibernate.SQL                        : 
    create table message_reads (
        id bigserial not null,
        message_id bigint not null,
        read_at timestamp(6) not null,
        user_id bigint not null,
        primary key (id),
        unique (message_id, user_id)
    )
Hibernate: 
    create table message_reads (
        id bigserial not null,
        message_id bigint not null,
        read_at timestamp(6) not null,
        user_id bigint not null,
        primary key (id),
        unique (message_id, user_id)
    )
2026-03-19T00:28:06.896+05:30 DEBUG 12296 --- [           main] org.hibernate.SQL                        : 
    create table messages (
        is_deleted boolean not null,
        is_pinned boolean not null,
        channel_id bigint not null,
        edited_at timestamp(6),
        id bigserial not null,
        pinned_by_user_id bigint,
        reply_to_message_id bigint,
        sender_id bigint not null,
        sent_at timestamp(6) not null,
        content TEXT not null,
        pinned_by_name varchar(255),
        reply_to_content TEXT,
        reply_to_sender_name varchar(255),
        type varchar(255),
        primary key (id)
    )
Hibernate: 
    create table messages (
        is_deleted boolean not null,
        is_pinned boolean not null,
        channel_id bigint not null,
        edited_at timestamp(6),
        id bigserial not null,
        pinned_by_user_id bigint,
        reply_to_message_id bigint,
        sender_id bigint not null,
        sent_at timestamp(6) not null,
        content TEXT not null,
        pinned_by_name varchar(255),
        reply_to_content TEXT,
        reply_to_sender_name varchar(255),
        type varchar(255),
        primary key (id)
    )
2026-03-19T00:28:06.904+05:30 DEBUG 12296 --- [           main] org.hibernate.SQL                        : 
    create table notifications (
        is_read boolean,
        created_at timestamp(6) not null,
        id bigserial not null,
        recipient_id bigint not null,
        related_entity_id bigint,
        content varchar(255) not null,
        type varchar(255) not null,
        primary key (id)
    )
Hibernate: 
    create table notifications (
        is_read boolean,
        created_at timestamp(6) not null,
        id bigserial not null,
        recipient_id bigint not null,
        related_entity_id bigint,
        content varchar(255) not null,
        type varchar(255) not null,
        primary key (id)
    )
2026-03-19T00:28:06.924+05:30 DEBUG 12296 --- [           main] org.hibernate.SQL                        : 
    create table otps (
        verified boolean not null,
        code varchar(6) not null,
        created_at timestamp(6) not null,
        expiry_time timestamp(6) not null,
        id bigserial not null,
        email varchar(255) not null,
        otp_type varchar(255) not null check (otp_type in ('REGISTRATION','PASSWORD_RESET','WORKSPACE_CREATION')),
        primary key (id)
    )
Hibernate: 
    create table otps (
        verified boolean not null,
        code varchar(6) not null,
        created_at timestamp(6) not null,
        expiry_time timestamp(6) not null,
        id bigserial not null,
        email varchar(255) not null,
        otp_type varchar(255) not null check (otp_type in ('REGISTRATION','PASSWORD_RESET','WORKSPACE_CREATION')),
        primary key (id)
    )
2026-03-19T00:28:06.932+05:30 DEBUG 12296 --- [           main] org.hibernate.SQL                        : 
    create table reactions (
        created_at timestamp(6) not null,
        dm_id bigint,
        id bigserial not null,
        message_id bigint,
        user_id bigint not null,
        emoji varchar(255) not null,
        primary key (id)
    )
Hibernate: 
    create table reactions (
        created_at timestamp(6) not null,
        dm_id bigint,
        id bigserial not null,
        message_id bigint,
        user_id bigint not null,
        emoji varchar(255) not null,
        primary key (id)
    )
2026-03-19T00:28:06.938+05:30 DEBUG 12296 --- [           main] org.hibernate.SQL                        : 
    create table users (
        is_verified boolean not null,
        online boolean not null,
        created_at timestamp(6) not null,
        id bigserial not null,
        last_seen timestamp(6),
        avatar_url varchar(255),
        display_name varchar(255) not null,
        email varchar(255) not null unique,
        password varchar(255) not null,
        role varchar(255) not null check (role in ('OWNER','MEMBER')),
        primary key (id)
    )
Hibernate: 
    create table users (
        is_verified boolean not null,
        online boolean not null,
        created_at timestamp(6) not null,
        id bigserial not null,
        last_seen timestamp(6),
        avatar_url varchar(255),
        display_name varchar(255) not null,
        email varchar(255) not null unique,
        password varchar(255) not null,
        role varchar(255) not null check (role in ('OWNER','MEMBER')),
        primary key (id)
    )
2026-03-19T00:28:06.951+05:30 DEBUG 12296 --- [           main] org.hibernate.SQL                        : 
    create table workspace_invitations (
        created_at timestamp(6) not null,
        id bigserial not null,
        invitee_id bigint,
        inviter_id bigint not null,
        responded_at timestamp(6),
        workspace_id bigint not null,
        invitee_email varchar(255) not null,
        status varchar(255) not null check (status in ('PENDING','ACCEPTED','REJECTED','EXPIRED')),
        primary key (id)
    )
Hibernate: 
    create table workspace_invitations (
        created_at timestamp(6) not null,
        id bigserial not null,
        invitee_id bigint,
        inviter_id bigint not null,
        responded_at timestamp(6),
        workspace_id bigint not null,
        invitee_email varchar(255) not null,
        status varchar(255) not null check (status in ('PENDING','ACCEPTED','REJECTED','EXPIRED')),
        primary key (id)
    )
2026-03-19T00:28:06.972+05:30 DEBUG 12296 --- [           main] org.hibernate.SQL                        : 
    create table workspace_members (
        id bigserial not null,
        joined_at timestamp(6) not null,
        user_id bigint not null,
        workspace_id bigint not null,
        role varchar(255) not null check (role in ('OWNER','ADMIN','MEMBER')),
        primary key (id)
    )
Hibernate: 
    create table workspace_members (
        id bigserial not null,
        joined_at timestamp(6) not null,
        user_id bigint not null,
        workspace_id bigint not null,
        role varchar(255) not null check (role in ('OWNER','ADMIN','MEMBER')),
        primary key (id)
    )
2026-03-19T00:28:06.978+05:30 DEBUG 12296 --- [           main] org.hibernate.SQL                        : 
    create table workspaces (
        is_archived boolean not null,
        is_private boolean not null,
        created_at timestamp(6) not null,
        id bigserial not null,
        owner_id bigint not null,
        description TEXT,
        name varchar(255) not null,
        primary key (id)
    )
Hibernate: 
    create table workspaces (
        is_archived boolean not null,
        is_private boolean not null,
        created_at timestamp(6) not null,
        id bigserial not null,
        owner_id bigint not null,
        description TEXT,
        name varchar(255) not null,
        primary key (id)
    )
2026-03-19T00:28:06.985+05:30 DEBUG 12296 --- [           main] org.hibernate.SQL                        : 
    alter table if exists attachments 
       add constraint FKcf4ta8qdkixetfy7wnqfv3vkv 
       foreign key (message_id) 
       references messages
Hibernate: 
    alter table if exists attachments 
       add constraint FKcf4ta8qdkixetfy7wnqfv3vkv 
       foreign key (message_id) 
       references messages
2026-03-19T00:28:07.005+05:30 DEBUG 12296 --- [           main] org.hibernate.SQL                        : 
    alter table if exists attachments 
       add constraint FKr60r9lnkb1bv66bqanw3vb4ne 
       foreign key (uploader_id) 
       references users
Hibernate: 
    alter table if exists attachments 
       add constraint FKr60r9lnkb1bv66bqanw3vb4ne 
       foreign key (uploader_id) 
       references users
2026-03-19T00:28:07.011+05:30 DEBUG 12296 --- [           main] org.hibernate.SQL                        : 
    alter table if exists channel_invitations 
       add constraint FKo7xoquf05ql0t3ge2yvglsmkl 
       foreign key (channel_id) 
       references channels
Hibernate: 
    alter table if exists channel_invitations 
       add constraint FKo7xoquf05ql0t3ge2yvglsmkl 
       foreign key (channel_id) 
       references channels
2026-03-19T00:28:07.016+05:30 DEBUG 12296 --- [           main] org.hibernate.SQL                        : 
    alter table if exists channel_invitations 
       add constraint FKme8opxf0xpeg6jhqui8wskuei 
       foreign key (invitee_id) 
       references users
Hibernate: 
    alter table if exists channel_invitations 
       add constraint FKme8opxf0xpeg6jhqui8wskuei 
       foreign key (invitee_id) 
       references users
2026-03-19T00:28:07.017+05:30 DEBUG 12296 --- [           main] org.hibernate.SQL                        : 
    alter table if exists channel_invitations 
       add constraint FK3n8wmnwf6byo257w63y818i8e 
       foreign key (inviter_id) 
       references users
Hibernate: 
    alter table if exists channel_invitations 
       add constraint FK3n8wmnwf6byo257w63y818i8e 
       foreign key (inviter_id) 
       references users
2026-03-19T00:28:07.020+05:30 DEBUG 12296 --- [           main] org.hibernate.SQL                        : 
    alter table if exists channel_members 
       add constraint FK5w7mqibtg5vbjt7xq6xyhc479 
       foreign key (channel_id) 
       references channels
Hibernate: 
    alter table if exists channel_members 
       add constraint FK5w7mqibtg5vbjt7xq6xyhc479 
       foreign key (channel_id) 
       references channels
2026-03-19T00:28:07.022+05:30 DEBUG 12296 --- [           main] org.hibernate.SQL                        : 
    alter table if exists channel_members 
       add constraint FKjunpxp98pv6g23t5d3w5hx8ji 
       foreign key (user_id) 
       references users
Hibernate: 
    alter table if exists channel_members 
       add constraint FKjunpxp98pv6g23t5d3w5hx8ji 
       foreign key (user_id) 
       references users
2026-03-19T00:28:07.025+05:30 DEBUG 12296 --- [           main] org.hibernate.SQL                        : 
    alter table if exists channels 
       add constraint FKj5bvg2dapo5aqh7j9xc2wr8e3 
       foreign key (created_by) 
       references users
Hibernate: 
    alter table if exists channels 
       add constraint FKj5bvg2dapo5aqh7j9xc2wr8e3 
       foreign key (created_by) 
       references users
2026-03-19T00:28:07.028+05:30 DEBUG 12296 --- [           main] org.hibernate.SQL                        : 
    alter table if exists channels 
       add constraint FK6sm2dry33aemqyix6ydqmjrj6 
       foreign key (workspace_id) 
       references workspaces
Hibernate: 
    alter table if exists channels 
       add constraint FK6sm2dry33aemqyix6ydqmjrj6 
       foreign key (workspace_id) 
       references workspaces
2026-03-19T00:28:07.032+05:30 DEBUG 12296 --- [           main] org.hibernate.SQL                        : 
    alter table if exists direct_message_hidden_users 
       add constraint FK3bxavuu4h2gi6ihbeksqpfp22 
       foreign key (direct_message_id) 
       references direct_messages
Hibernate: 
    alter table if exists direct_message_hidden_users 
       add constraint FK3bxavuu4h2gi6ihbeksqpfp22 
       foreign key (direct_message_id) 
       references direct_messages
2026-03-19T00:28:07.034+05:30 DEBUG 12296 --- [           main] org.hibernate.SQL                        : 
    alter table if exists direct_messages 
       add constraint FK7jcln0adoq6mv6p71x1y5aln3 
       foreign key (from_user_id) 
       references users
Hibernate: 
    alter table if exists direct_messages 
       add constraint FK7jcln0adoq6mv6p71x1y5aln3 
       foreign key (from_user_id) 
       references users
2026-03-19T00:28:07.037+05:30 DEBUG 12296 --- [           main] org.hibernate.SQL                        : 
    alter table if exists direct_messages 
       add constraint FK8prvpwn46hap1dbp8xwh63wlf 
       foreign key (to_user_id) 
       references users
Hibernate: 
    alter table if exists direct_messages 
       add constraint FK8prvpwn46hap1dbp8xwh63wlf 
       foreign key (to_user_id) 
       references users
2026-03-19T00:28:07.039+05:30 DEBUG 12296 --- [           main] org.hibernate.SQL                        : 
    alter table if exists direct_messages 
       add constraint FKwwdaofacdgtpksin3j7sqj6f 
       foreign key (workspace_id) 
       references workspaces
Hibernate: 
    alter table if exists direct_messages 
       add constraint FKwwdaofacdgtpksin3j7sqj6f 
       foreign key (workspace_id) 
       references workspaces
2026-03-19T00:28:07.043+05:30 DEBUG 12296 --- [           main] org.hibernate.SQL                        : 
    alter table if exists dm_requests 
       add constraint FKdv9bqmfvb8uali5ctm0lvst30 
       foreign key (recipient_id) 
       references users
Hibernate: 
    alter table if exists dm_requests 
       add constraint FKdv9bqmfvb8uali5ctm0lvst30 
       foreign key (recipient_id) 
       references users
2026-03-19T00:28:07.047+05:30 DEBUG 12296 --- [           main] org.hibernate.SQL                        : 
    alter table if exists dm_requests 
       add constraint FKgfhe9weqonod6e1q0lhlus0d4 
       foreign key (requester_id) 
       references users
Hibernate: 
    alter table if exists dm_requests 
       add constraint FKgfhe9weqonod6e1q0lhlus0d4 
       foreign key (requester_id) 
       references users
2026-03-19T00:28:07.048+05:30 DEBUG 12296 --- [           main] org.hibernate.SQL                        : 
    alter table if exists dm_requests 
       add constraint FKf5ou483a6yuveq51mmwf9hf2p 
       foreign key (workspace_id) 
       references workspaces
Hibernate: 
    alter table if exists dm_requests 
       add constraint FKf5ou483a6yuveq51mmwf9hf2p 
       foreign key (workspace_id) 
       references workspaces
2026-03-19T00:28:07.050+05:30 DEBUG 12296 --- [           main] org.hibernate.SQL                        : 
    alter table if exists message_hidden_users 
       add constraint FK5934d9ycb3idcamocglty3nft 
       foreign key (message_id) 
       references messages
Hibernate: 
    alter table if exists message_hidden_users 
       add constraint FK5934d9ycb3idcamocglty3nft 
       foreign key (message_id) 
       references messages
2026-03-19T00:28:07.053+05:30 DEBUG 12296 --- [           main] org.hibernate.SQL                        : 
    alter table if exists message_mentions 
       add constraint FKn8dkm95maeahsjpbee9cnbntd 
       foreign key (message_id) 
       references messages
Hibernate: 
    alter table if exists message_mentions 
       add constraint FKn8dkm95maeahsjpbee9cnbntd 
       foreign key (message_id) 
       references messages
2026-03-19T00:28:07.055+05:30 DEBUG 12296 --- [           main] org.hibernate.SQL                        : 
    alter table if exists message_reads 
       add constraint FK4hf3vygb7iguer8spwq89xwsa 
       foreign key (message_id) 
       references messages
Hibernate: 
    alter table if exists message_reads 
       add constraint FK4hf3vygb7iguer8spwq89xwsa 
       foreign key (message_id) 
       references messages
2026-03-19T00:28:07.059+05:30 DEBUG 12296 --- [           main] org.hibernate.SQL                        : 
    alter table if exists message_reads 
       add constraint FKd25ttt384b7vp2bqtw19gighu 
       foreign key (user_id) 
       references users
Hibernate: 
    alter table if exists message_reads 
       add constraint FKd25ttt384b7vp2bqtw19gighu 
       foreign key (user_id) 
       references users
2026-03-19T00:28:07.062+05:30 DEBUG 12296 --- [           main] org.hibernate.SQL                        : 
    alter table if exists messages 
       add constraint FK3u3ckbhwq9se1cmopk2pq05b2 
       foreign key (channel_id) 
       references channels
Hibernate: 
    alter table if exists messages 
       add constraint FK3u3ckbhwq9se1cmopk2pq05b2 
       foreign key (channel_id) 
       references channels
2026-03-19T00:28:07.065+05:30 DEBUG 12296 --- [           main] org.hibernate.SQL                        : 
    alter table if exists messages 
       add constraint FK4ui4nnwntodh6wjvck53dbk9m 
       foreign key (sender_id) 
       references users
Hibernate: 
    alter table if exists messages 
       add constraint FK4ui4nnwntodh6wjvck53dbk9m 
       foreign key (sender_id) 
       references users
2026-03-19T00:28:07.067+05:30 DEBUG 12296 --- [           main] org.hibernate.SQL                        : 
    alter table if exists notifications 
       add constraint FKqqnsjxlwleyjbxlmm213jaj3f 
       foreign key (recipient_id) 
       references users
Hibernate: 
    alter table if exists notifications 
       add constraint FKqqnsjxlwleyjbxlmm213jaj3f 
       foreign key (recipient_id) 
       references users
2026-03-19T00:28:07.070+05:30 DEBUG 12296 --- [           main] org.hibernate.SQL                        : 
    alter table if exists reactions 
       add constraint FKg7p9a9gnfl6lvhe9rk31rc1dq 
       foreign key (dm_id) 
       references direct_messages
Hibernate: 
    alter table if exists reactions 
       add constraint FKg7p9a9gnfl6lvhe9rk31rc1dq 
       foreign key (dm_id) 
       references direct_messages
2026-03-19T00:28:07.073+05:30 DEBUG 12296 --- [           main] org.hibernate.SQL                        : 
    alter table if exists reactions 
       add constraint FKlmwgdoo3g3f4g0wsgc1lmwfby 
       foreign key (message_id) 
       references messages
Hibernate: 
    alter table if exists reactions 
       add constraint FKlmwgdoo3g3f4g0wsgc1lmwfby 
       foreign key (message_id) 
       references messages
2026-03-19T00:28:07.076+05:30 DEBUG 12296 --- [           main] org.hibernate.SQL                        : 
    alter table if exists reactions 
       add constraint FKqmewaibcp5bxtlqxc2cawhuln 
       foreign key (user_id) 
       references users
Hibernate: 
    alter table if exists reactions 
       add constraint FKqmewaibcp5bxtlqxc2cawhuln 
       foreign key (user_id) 
       references users
2026-03-19T00:28:07.080+05:30 DEBUG 12296 --- [           main] org.hibernate.SQL                        : 
    alter table if exists workspace_invitations 
       add constraint FKcw13o1mp447qs3h7kphm8hktm 
       foreign key (invitee_id) 
       references users
Hibernate: 
    alter table if exists workspace_invitations 
       add constraint FKcw13o1mp447qs3h7kphm8hktm 
       foreign key (invitee_id) 
       references users
2026-03-19T00:28:07.083+05:30 DEBUG 12296 --- [           main] org.hibernate.SQL                        : 
    alter table if exists workspace_invitations 
       add constraint FKj4tqiky662q6y79oc8gfh2ffa 
       foreign key (inviter_id) 
       references users
Hibernate: 
    alter table if exists workspace_invitations 
       add constraint FKj4tqiky662q6y79oc8gfh2ffa 
       foreign key (inviter_id) 
       references users
2026-03-19T00:28:07.086+05:30 DEBUG 12296 --- [           main] org.hibernate.SQL                        : 
    alter table if exists workspace_invitations 
       add constraint FKcjk1r4awojk9f3vcc7gak8rnv 
       foreign key (workspace_id) 
       references workspaces
Hibernate: 
    alter table if exists workspace_invitations 
       add constraint FKcjk1r4awojk9f3vcc7gak8rnv 
       foreign key (workspace_id) 
       references workspaces
2026-03-19T00:28:07.088+05:30 DEBUG 12296 --- [           main] org.hibernate.SQL                        : 
    alter table if exists workspace_members 
       add constraint FK6vtnpc3eexk504u61uepn40p1 
       foreign key (user_id) 
       references users
Hibernate: 
    alter table if exists workspace_members 
       add constraint FK6vtnpc3eexk504u61uepn40p1 
       foreign key (user_id) 
       references users
2026-03-19T00:28:07.092+05:30 DEBUG 12296 --- [           main] org.hibernate.SQL                        : 
    alter table if exists workspace_members 
       add constraint FKw9hq87n3rvq2c4j47qo78i5r 
       foreign key (workspace_id) 
       references workspaces
Hibernate: 
    alter table if exists workspace_members 
       add constraint FKw9hq87n3rvq2c4j47qo78i5r 
       foreign key (workspace_id) 
       references workspaces
2026-03-19T00:28:07.095+05:30 DEBUG 12296 --- [           main] org.hibernate.SQL                        : 
    alter table if exists workspaces 
       add constraint FK58ks96jjlsbhsh21cen7hr59h 
       foreign key (owner_id) 
       references users
Hibernate: 
    alter table if exists workspaces 
       add constraint FK58ks96jjlsbhsh21cen7hr59h 
       foreign key (owner_id) 
       references users
2026-03-19T00:28:07.106+05:30  INFO 12296 --- [           main] j.LocalContainerEntityManagerFactoryBean : Initialized JPA EntityManagerFactory for persistence unit 'default'
2026-03-19T00:28:08.824+05:30  INFO 12296 --- [           main] o.s.d.j.r.query.QueryEnhancerFactory     : Hibernate is in classpath; If applicable, HQL parser will be used.
2026-03-19T00:28:15.631+05:30  WARN 12296 --- [           main] JpaBaseConfiguration$JpaWebConfiguration : spring.jpa.open-in-view is enabled by default. Therefore, database queries may be performed during view rendering. Explicitly configure spring.jpa.open-in-view to disable this warning
2026-03-19T00:28:18.612+05:30  INFO 12296 --- [           main] o.s.s.web.DefaultSecurityFilterChain     : Will secure any request with [org.springframework.security.web.session.DisableEncodeUrlFilter@4a29ed43, org.springframework.security.web.context.request.async.WebAsyncManagerIntegrationFilter@793f45f2, org.springframework.security.web.context.SecurityContextHolderFilter@48afc141, org.springframework.security.web.header.HeaderWriterFilter@6c77a801, org.springframework.web.filter.CorsFilter@499c2c14, org.springframework.security.web.authentication.logout.LogoutFilter@41bb9bf6, com.bytechat.config.JwtFilter@20d4fdff, org.springframework.security.web.savedrequest.RequestCacheAwareFilter@c0f3f78, org.springframework.security.web.servletapi.SecurityContextHolderAwareRequestFilter@8511e04, org.springframework.security.web.authentication.AnonymousAuthenticationFilter@58e0804f, org.springframework.security.web.session.SessionManagementFilter@4405a00e, org.springframework.security.web.access.ExceptionTranslationFilter@58c41a2e, org.springframework.security.web.access.intercept.AuthorizationFilter@230214e0]
2026-03-19T00:28:21.503+05:30 DEBUG 12296 --- [           main] com.bytechat.config.JwtFilter            : Filter 'jwtFilter' configured for use
2026-03-19T00:28:21.509+05:30  INFO 12296 --- [           main] o.s.b.t.m.w.SpringBootMockServletContext : Initializing Spring TestDispatcherServlet ''
2026-03-19T00:28:21.509+05:30  INFO 12296 --- [           main] o.s.t.web.servlet.TestDispatcherServlet  : Initializing Servlet ''
2026-03-19T00:28:21.513+05:30  INFO 12296 --- [           main] o.s.t.web.servlet.TestDispatcherServlet  : Completed initialization in 4 ms
2026-03-19T00:28:21.609+05:30  INFO 12296 --- [           main] o.s.m.s.b.SimpleBrokerMessageHandler     : Starting...
2026-03-19T00:28:21.611+05:30  INFO 12296 --- [           main] o.s.m.s.b.SimpleBrokerMessageHandler     : BrokerAvailabilityEvent[available=true, SimpleBrokerMessageHandler [org.springframework.messaging.simp.broker.DefaultSubscriptionRegistry@162ea06f]]
2026-03-19T00:28:21.614+05:30  INFO 12296 --- [           main] o.s.m.s.b.SimpleBrokerMessageHandler     : Started.
2026-03-19T00:28:21.668+05:30  INFO 12296 --- [           main] c.DirectMessageControllerIntegrationTest : Started DirectMessageControllerIntegrationTest in 29.558 seconds (process running for 32.799)
]]></system-out>
    <system-err><![CDATA[WARNING: A Java agent has been loaded dynamically (C:\Users\Admin\.m2\repository\net\bytebuddy\byte-buddy-agent\1.14.12\byte-buddy-agent-1.14.12.jar)
WARNING: If a serviceability tool is in use, please run with -XX:+EnableDynamicAgentLoading to hide this warning
WARNING: If a serviceability tool is not in use, please run with -Djdk.instrument.traceUsage for more information
WARNING: Dynamic loading of agents will be disallowed by default in a future release
]]></system-err>
  </testcase>
  <testcase name="markAsRead_Success" classname="com.bytechat.controllers.DirectMessageControllerIntegrationTest" time="0.049"/>
  <testcase name="getDirectMessages_Success" classname="com.bytechat.controllers.DirectMessageControllerIntegrationTest" time="0.198">
    <system-out><![CDATA[2026-03-19T00:28:23.519+05:30  INFO 12296 --- [           main] c.b.controllers.DirectMessageController  : Fetching DMs for user 2 by user test@example.com
]]></system-out>
  </testcase>
</testsuite>