<?xml version="1.0" encoding="UTF-8"?>
<testsuite xmlns:xsi="http://www.w3.org/2001/XMLSchema-instance" xsi:noNamespaceSchemaLocation="https://maven.apache.org/surefire/maven-surefire-plugin/xsd/surefire-test-report-3.0.xsd" version="3.0" name="com.bytechat.controllers.MessageControllerIntegrationTest" time="5.252" tests="4" errors="0" skipped="0" failures="0">
  <properties>
[...]
</properties>
  <testcase name="getChannelMessages_Success" classname="com.bytechat.controllers.MessageControllerIntegrationTest" time="0.153">
    <system-out><![CDATA[2026-03-18T12:30:44.711+05:30  INFO 9884 --- [           main] t.c.s.AnnotationConfigContextLoaderUtils : Could not detect default configuration classes for test class [com.bytechat.controllers.MessageControllerIntegrationTest]: MessageControllerIntegrationTest does not declare any static, non-private, non-final, nested classes annotated with @Configuration.
2026-03-18T12:30:44.717+05:30  INFO 9884 --- [           main] .b.t.c.SpringBootTestContextBootstrapper : Found @SpringBootConfiguration com.bytechat.ByteChatApplication for test class com.bytechat.controllers.MessageControllerIntegrationTest
2026-03-18T12:30:44.723+05:30  INFO 9884 --- [           main] o.s.b.d.r.RestartApplicationListener     : Restart disabled due to context in which it is running

  .   ____          _            __ _ _
 /\\ / ___'_ __ _ _(_)_ __  __ _ \ \ \ \
( ( )\___ | '_ | '_| | '_ \/ _` | \ \ \ \
 \\/  ___)| |_)| | | | | || (_| |  ) ) ) )
  '  |____| .__|_| |_|_| |_\__, | / / / /
 =========|_|==============|___/=/_/_/_/
 :: Spring Boot ::                (v3.2.3)

2026-03-18T12:30:44.777+05:30  INFO 9884 --- [           main] c.b.c.MessageControllerIntegrationTest   : Starting MessageControllerIntegrationTest using Java 21.0.5 with PID 9884 (started by Admin in D:\ByteChat\ByteChat\backend)
2026-03-18T12:30:44.777+05:30 DEBUG 9884 --- [           main] c.b.c.MessageControllerIntegrationTest   : Running with Spring Boot v3.2.3, Spring v6.1.4
2026-03-18T12:30:44.777+05:30  INFO 9884 --- [           main] c.b.c.MessageControllerIntegrationTest   : The following 1 profile is active: "test"
2026-03-18T12:30:45.485+05:30  INFO 9884 --- [           main] .s.d.r.c.RepositoryConfigurationDelegate : Bootstrapping Spring Data JPA repositories in DEFAULT mode.
2026-03-18T12:30:45.585+05:30  INFO 9884 --- [           main] .s.d.r.c.RepositoryConfigurationDelegate : Finished Spring Data repository scanning in 98 ms. Found 13 JPA repository interfaces.
2026-03-18T12:30:46.103+05:30  INFO 9884 --- [           main] o.hibernate.jpa.internal.util.LogHelper  : HHH000204: Processing PersistenceUnitInfo [name: default]
2026-03-18T12:30:46.107+05:30  INFO 9884 --- [           main] o.h.c.internal.RegionFactoryInitiator    : HHH000026: Second-level cache disabled
2026-03-18T12:30:46.140+05:30  INFO 9884 --- [           main] o.s.o.j.p.SpringPersistenceUnitInfo      : No LoadTimeWeaver setup: ignoring JPA class transformer
2026-03-18T12:30:46.141+05:30  INFO 9884 --- [           main] com.zaxxer.hikari.HikariDataSource       : HikariPool-6 - Starting...
2026-03-18T12:30:46.512+05:30  INFO 9884 --- [           main] com.zaxxer.hikari.pool.HikariPool        : HikariPool-6 - Added connection org.postgresql.jdbc.PgConnection@27fc5d7f
2026-03-18T12:30:46.512+05:30  INFO 9884 --- [           main] com.zaxxer.hikari.HikariDataSource       : HikariPool-6 - Start completed.
2026-03-18T12:30:47.539+05:30  INFO 9884 --- [           main] o.h.e.t.j.p.i.JtaPlatformInitiator       : HHH000489: No JTA platform available (set 'hibernate.transaction.jta.platform' to enable JTA platform integration)
2026-03-18T12:30:47.540+05:30 DEBUG 9884 --- [           main] org.hibernate.SQL                        : 
    alter table if exists attachments 
       drop constraint if exists FKcf4ta8qdkixetfy7wnqfv3vkv
Hibernate: 
    alter table if exists attachments 
       drop constraint if exists FKcf4ta8qdkixetfy7wnqfv3vkv
2026-03-18T12:30:47.546+05:30 DEBUG 9884 --- [           main] org.hibernate.SQL                        : 
    alter table if exists attachments 
       drop constraint if exists FKr60r9lnkb1bv66bqanw3vb4ne
Hibernate: 
    alter table if exists attachments 
       drop constraint if exists FKr60r9lnkb1bv66bqanw3vb4ne
2026-03-18T12:30:47.548+05:30 DEBUG 9884 --- [           main] org.hibernate.SQL                        : 
    alter table if exists channel_invitations 
       drop constraint if exists FKo7xoquf05ql0t3ge2yvglsmkl
Hibernate: 
    alter table if exists channel_invitations 
       drop constraint if exists FKo7xoquf05ql0t3ge2yvglsmkl
2026-03-18T12:30:47.550+05:30 DEBUG 9884 --- [           main] org.hibernate.SQL                        : 
    alter table if exists channel_invitations 
       drop constraint if exists FKme8opxf0xpeg6jhqui8wskuei
Hibernate: 
    alter table if exists channel_invitations 
       drop constraint if exists FKme8opxf0xpeg6jhqui8wskuei
2026-03-18T12:30:47.552+05:30 DEBUG 9884 --- [           main] org.hibernate.SQL                        : 
    alter table if exists channel_invitations 
       drop constraint if exists FK3n8wmnwf6byo257w63y818i8e
Hibernate: 
    alter table if exists channel_invitations 
       drop constraint if exists FK3n8wmnwf6byo257w63y818i8e
2026-03-18T12:30:47.554+05:30 DEBUG 9884 --- [           main] org.hibernate.SQL                        : 
    alter table if exists channel_members 
       drop constraint if exists FK5w7mqibtg5vbjt7xq6xyhc479
Hibernate: 
    alter table if exists channel_members 
       drop constraint if exists FK5w7mqibtg5vbjt7xq6xyhc479
2026-03-18T12:30:47.555+05:30 DEBUG 9884 --- [           main] org.hibernate.SQL                        : 
    alter table if exists channel_members 
       drop constraint if exists FKjunpxp98pv6g23t5d3w5hx8ji
Hibernate: 
    alter table if exists channel_members 
       drop constraint if exists FKjunpxp98pv6g23t5d3w5hx8ji
2026-03-18T12:30:47.557+05:30 DEBUG 9884 --- [           main] org.hibernate.SQL                        : 
    alter table if exists channels 
       drop constraint if exists FKj5bvg2dapo5aqh7j9xc2wr8e3
Hibernate: 
    alter table if exists channels 
       drop constraint if exists FKj5bvg2dapo5aqh7j9xc2wr8e3
2026-03-18T12:30:47.558+05:30 DEBUG 9884 --- [           main] org.hibernate.SQL                        : 
    alter table if exists channels 
       drop constraint if exists FK6sm2dry33aemqyix6ydqmjrj6
Hibernate: 
    alter table if exists channels 
       drop constraint if exists FK6sm2dry33aemqyix6ydqmjrj6
2026-03-18T12:30:47.560+05:30 DEBUG 9884 --- [           main] org.hibernate.SQL                        : 
    alter table if exists direct_messages 
       drop constraint if exists FK7jcln0adoq6mv6p71x1y5aln3
Hibernate: 
    alter table if exists direct_messages 
       drop constraint if exists FK7jcln0adoq6mv6p71x1y5aln3
2026-03-18T12:30:47.561+05:30 DEBUG 9884 --- [           main] org.hibernate.SQL                        : 
    alter table if exists direct_messages 
       drop constraint if exists FK8prvpwn46hap1dbp8xwh63wlf
Hibernate: 
    alter table if exists direct_messages 
       drop constraint if exists FK8prvpwn46hap1dbp8xwh63wlf
2026-03-18T12:30:47.564+05:30 DEBUG 9884 --- [           main] org.hibernate.SQL                        : 
    alter table if exists direct_messages 
       drop constraint if exists FKwwdaofacdgtpksin3j7sqj6f
Hibernate: 
    alter table if exists direct_messages 
       drop constraint if exists FKwwdaofacdgtpksin3j7sqj6f
2026-03-18T12:30:47.566+05:30 DEBUG 9884 --- [           main] org.hibernate.SQL                        : 
    alter table if exists dm_requests 
       drop constraint if exists FKdv9bqmfvb8uali5ctm0lvst30
Hibernate: 
    alter table if exists dm_requests 
       drop constraint if exists FKdv9bqmfvb8uali5ctm0lvst30
2026-03-18T12:30:47.567+05:30 DEBUG 9884 --- [           main] org.hibernate.SQL                        : 
    alter table if exists dm_requests 
       drop constraint if exists FKgfhe9weqonod6e1q0lhlus0d4
Hibernate: 
    alter table if exists dm_requests 
       drop constraint if exists FKgfhe9weqonod6e1q0lhlus0d4
2026-03-18T12:30:47.569+05:30 DEBUG 9884 --- [           main] org.hibernate.SQL                        : 
    alter table if exists dm_requests 
       drop constraint if exists FKf5ou483a6yuveq51mmwf9hf2p
Hibernate: 
    alter table if exists dm_requests 
       drop constraint if exists FKf5ou483a6yuveq51mmwf9hf2p
2026-03-18T12:30:47.570+05:30 DEBUG 9884 --- [           main] org.hibernate.SQL                        : 
    alter table if exists message_mentions 
       drop constraint if exists FKn8dkm95maeahsjpbee9cnbntd
Hibernate: 
    alter table if exists message_mentions 
       drop constraint if exists FKn8dkm95maeahsjpbee9cnbntd
2026-03-18T12:30:47.572+05:30 DEBUG 9884 --- [           main] org.hibernate.SQL                        : 
    alter table if exists message_reads 
       drop constraint if exists FK4hf3vygb7iguer8spwq89xwsa
Hibernate: 
    alter table if exists message_reads 
       drop constraint if exists FK4hf3vygb7iguer8spwq89xwsa
2026-03-18T12:30:47.573+05:30 DEBUG 9884 --- [           main] org.hibernate.SQL                        : 
    alter table if exists message_reads 
       drop constraint if exists FKd25ttt384b7vp2bqtw19gighu
Hibernate: 
    alter table if exists message_reads 
       drop constraint if exists FKd25ttt384b7vp2bqtw19gighu
2026-03-18T12:30:47.575+05:30 DEBUG 9884 --- [           main] org.hibernate.SQL                        : 
    alter table if exists messages 
       drop constraint if exists FK3u3ckbhwq9se1cmopk2pq05b2
Hibernate: 
    alter table if exists messages 
       drop constraint if exists FK3u3ckbhwq9se1cmopk2pq05b2
2026-03-18T12:30:47.576+05:30 DEBUG 9884 --- [           main] org.hibernate.SQL                        : 
    alter table if exists messages 
       drop constraint if exists FK4ui4nnwntodh6wjvck53dbk9m
Hibernate: 
    alter table if exists messages 
       drop constraint if exists FK4ui4nnwntodh6wjvck53dbk9m
2026-03-18T12:30:47.578+05:30 DEBUG 9884 --- [           main] org.hibernate.SQL                        : 
    alter table if exists notifications 
       drop constraint if exists FKqqnsjxlwleyjbxlmm213jaj3f
Hibernate: 
    alter table if exists notifications 
       drop constraint if exists FKqqnsjxlwleyjbxlmm213jaj3f
2026-03-18T12:30:47.580+05:30 DEBUG 9884 --- [           main] org.hibernate.SQL                        : 
    alter table if exists reactions 
       drop constraint if exists FKg7p9a9gnfl6lvhe9rk31rc1dq
Hibernate: 
    alter table if exists reactions 
       drop constraint if exists FKg7p9a9gnfl6lvhe9rk31rc1dq
2026-03-18T12:30:47.582+05:30 DEBUG 9884 --- [           main] org.hibernate.SQL                        : 
    alter table if exists reactions 
       drop constraint if exists FKlmwgdoo3g3f4g0wsgc1lmwfby
Hibernate: 
    alter table if exists reactions 
       drop constraint if exists FKlmwgdoo3g3f4g0wsgc1lmwfby
2026-03-18T12:30:47.584+05:30 DEBUG 9884 --- [           main] org.hibernate.SQL                        : 
    alter table if exists reactions 
       drop constraint if exists FKqmewaibcp5bxtlqxc2cawhuln
Hibernate: 
    alter table if exists reactions 
       drop constraint if exists FKqmewaibcp5bxtlqxc2cawhuln
2026-03-18T12:30:47.585+05:30 DEBUG 9884 --- [           main] org.hibernate.SQL                        : 
    alter table if exists workspace_invitations 
       drop constraint if exists FKcw13o1mp447qs3h7kphm8hktm
Hibernate: 
    alter table if exists workspace_invitations 
       drop constraint if exists FKcw13o1mp447qs3h7kphm8hktm
2026-03-18T12:30:47.587+05:30 DEBUG 9884 --- [           main] org.hibernate.SQL                        : 
    alter table if exists workspace_invitations 
       drop constraint if exists FKj4tqiky662q6y79oc8gfh2ffa
Hibernate: 
    alter table if exists workspace_invitations 
       drop constraint if exists FKj4tqiky662q6y79oc8gfh2ffa
2026-03-18T12:30:47.589+05:30 DEBUG 9884 --- [           main] org.hibernate.SQL                        : 
    alter table if exists workspace_invitations 
       drop constraint if exists FKcjk1r4awojk9f3vcc7gak8rnv
Hibernate: 
    alter table if exists workspace_invitations 
       drop constraint if exists FKcjk1r4awojk9f3vcc7gak8rnv
2026-03-18T12:30:47.590+05:30 DEBUG 9884 --- [           main] org.hibernate.SQL                        : 
    alter table if exists workspace_members 
       drop constraint if exists FK6vtnpc3eexk504u61uepn40p1
Hibernate: 
    alter table if exists workspace_members 
       drop constraint if exists FK6vtnpc3eexk504u61uepn40p1
2026-03-18T12:30:47.592+05:30 DEBUG 9884 --- [           main] org.hibernate.SQL                        : 
    alter table if exists workspace_members 
       drop constraint if exists FKw9hq87n3rvq2c4j47qo78i5r
Hibernate: 
    alter table if exists workspace_members 
       drop constraint if exists FKw9hq87n3rvq2c4j47qo78i5r
2026-03-18T12:30:47.593+05:30 DEBUG 9884 --- [           main] org.hibernate.SQL                        : 
    alter table if exists workspaces 
       drop constraint if exists FK58ks96jjlsbhsh21cen7hr59h
Hibernate: 
    alter table if exists workspaces 
       drop constraint if exists FK58ks96jjlsbhsh21cen7hr59h
2026-03-18T12:30:47.595+05:30 DEBUG 9884 --- [           main] org.hibernate.SQL                        : 
    drop table if exists attachments cascade
Hibernate: 
    drop table if exists attachments cascade
2026-03-18T12:30:47.603+05:30 DEBUG 9884 --- [           main] org.hibernate.SQL                        : 
    drop table if exists channel_invitations cascade
Hibernate: 
    drop table if exists channel_invitations cascade
2026-03-18T12:30:47.607+05:30 DEBUG 9884 --- [           main] org.hibernate.SQL                        : 
    drop table if exists channel_members cascade
Hibernate: 
    drop table if exists channel_members cascade
2026-03-18T12:30:47.613+05:30 DEBUG 9884 --- [           main] org.hibernate.SQL                        : 
    drop table if exists channels cascade
Hibernate: 
    drop table if exists channels cascade
2026-03-18T12:30:47.620+05:30 DEBUG 9884 --- [           main] org.hibernate.SQL                        : 
    drop table if exists direct_messages cascade
Hibernate: 
    drop table if exists direct_messages cascade
2026-03-18T12:30:47.626+05:30 DEBUG 9884 --- [           main] org.hibernate.SQL                        : 
    drop table if exists dm_requests cascade
Hibernate: 
    drop table if exists dm_requests cascade
2026-03-18T12:30:47.632+05:30 DEBUG 9884 --- [           main] org.hibernate.SQL                        : 
    drop table if exists message_mentions cascade
Hibernate: 
    drop table if exists message_mentions cascade
2026-03-18T12:30:47.634+05:30 DEBUG 9884 --- [           main] org.hibernate.SQL                        : 
    drop table if exists message_reads cascade
Hibernate: 
    drop table if exists message_reads cascade
2026-03-18T12:30:47.640+05:30 DEBUG 9884 --- [           main] org.hibernate.SQL                        : 
    drop table if exists messages cascade
Hibernate: 
    drop table if exists messages cascade
2026-03-18T12:30:47.646+05:30 DEBUG 9884 --- [           main] org.hibernate.SQL                        : 
    drop table if exists notifications cascade
Hibernate: 
    drop table if exists notifications cascade
2026-03-18T12:30:47.652+05:30 DEBUG 9884 --- [           main] org.hibernate.SQL                        : 
    drop table if exists otps cascade
Hibernate: 
    drop table if exists otps cascade
2026-03-18T12:30:47.659+05:30 DEBUG 9884 --- [           main] org.hibernate.SQL                        : 
    drop table if exists reactions cascade
Hibernate: 
    drop table if exists reactions cascade
2026-03-18T12:30:47.664+05:30 DEBUG 9884 --- [           main] org.hibernate.SQL                        : 
    drop table if exists users cascade
Hibernate: 
    drop table if exists users cascade
2026-03-18T12:30:47.672+05:30 DEBUG 9884 --- [           main] org.hibernate.SQL                        : 
    drop table if exists workspace_invitations cascade
Hibernate: 
    drop table if exists workspace_invitations cascade
2026-03-18T12:30:47.689+05:30 DEBUG 9884 --- [           main] org.hibernate.SQL                        : 
    drop table if exists workspace_members cascade
Hibernate: 
    drop table if exists workspace_members cascade
2026-03-18T12:30:47.693+05:30 DEBUG 9884 --- [           main] org.hibernate.SQL                        : 
    drop table if exists workspaces cascade
Hibernate: 
    drop table if exists workspaces cascade
2026-03-18T12:30:47.701+05:30 DEBUG 9884 --- [           main] org.hibernate.SQL                        : 
    create table attachments (
        file_size bigint,
        id bigserial not null,
        message_id bigint,
        uploaded_at timestamp(6) not null,
        uploader_id bigint not null,
        file_name varchar(255) not null,
        file_type varchar(255) not null,
        file_url varchar(255) not null,
        primary key (id)
    )
Hibernate: 
    create table attachments (
        file_size bigint,
        id bigserial not null,
        message_id bigint,
        uploaded_at timestamp(6) not null,
        uploader_id bigint not null,
        file_name varchar(255) not null,
        file_type varchar(255) not null,
        file_url varchar(255) not null,
        primary key (id)
    )
2026-03-18T12:30:47.717+05:30 DEBUG 9884 --- [           main] org.hibernate.SQL                        : 
    create table channel_invitations (
        channel_id bigint not null,
        created_at timestamp(6) not null,
        id bigserial not null,
        invitee_id bigint not null,
        inviter_id bigint not null,
        responded_at timestamp(6),
        status varchar(255) not null check (status in ('PENDING','ACCEPTED','REJECTED','EXPIRED')),
        primary key (id)
    )
Hibernate: 
    create table channel_invitations (
        channel_id bigint not null,
        created_at timestamp(6) not null,
        id bigserial not null,
        invitee_id bigint not null,
        inviter_id bigint not null,
        responded_at timestamp(6),
        status varchar(255) not null check (status in ('PENDING','ACCEPTED','REJECTED','EXPIRED')),
        primary key (id)
    )
2026-03-18T12:30:47.724+05:30 DEBUG 9884 --- [           main] org.hibernate.SQL                        : 
    create table channel_members (
        is_archived boolean not null,
        channel_id bigint not null,
        id bigserial not null,
        joined_at timestamp(6) not null,
        user_id bigint not null,
        role varchar(255) not null check (role in ('ADMIN','MEMBER')),
        primary key (id)
    )
Hibernate: 
    create table channel_members (
        is_archived boolean not null,
        channel_id bigint not null,
        id bigserial not null,
        joined_at timestamp(6) not null,
        user_id bigint not null,
        role varchar(255) not null check (role in ('ADMIN','MEMBER')),
        primary key (id)
    )
2026-03-18T12:30:47.731+05:30 DEBUG 9884 --- [           main] org.hibernate.SQL                        : 
    create table channels (
        is_archived boolean not null,
        is_default boolean not null,
        is_deleted boolean not null,
        is_private boolean not null,
        created_at timestamp(6) not null,
        created_by bigint not null,
        id bigserial not null,
        workspace_id bigint not null,
        description TEXT,
        name varchar(255) not null,
        primary key (id)
    )
Hibernate: 
    create table channels (
        is_archived boolean not null,
        is_default boolean not null,
        is_deleted boolean not null,
        is_private boolean not null,
        created_at timestamp(6) not null,
        created_by bigint not null,
        id bigserial not null,
        workspace_id bigint not null,
        description TEXT,
        name varchar(255) not null,
        primary key (id)
    )
2026-03-18T12:30:47.739+05:30 DEBUG 9884 --- [           main] org.hibernate.SQL                        : 
    create table direct_messages (
        is_deleted boolean not null,
        is_pinned boolean not null,
        edited_at timestamp(6),
        from_user_id bigint not null,
        id bigserial not null,
        read_at timestamp(6),
        sent_at timestamp(6) not null,
        to_user_id bigint not null,
        workspace_id bigint,
        content TEXT not null,
        type varchar(255),
        primary key (id)
    )
Hibernate: 
    create table direct_messages (
        is_deleted boolean not null,
        is_pinned boolean not null,
        edited_at timestamp(6),
        from_user_id bigint not null,
        id bigserial not null,
        read_at timestamp(6),
        sent_at timestamp(6) not null,
        to_user_id bigint not null,
        workspace_id bigint,
        content TEXT not null,
        type varchar(255),
        primary key (id)
    )
2026-03-18T12:30:47.749+05:30 DEBUG 9884 --- [           main] org.hibernate.SQL                        : 
    create table dm_requests (
        created_at timestamp(6) not null,
        id bigserial not null,
        recipient_id bigint not null,
        requester_id bigint not null,
        responded_at timestamp(6),
        workspace_id bigint not null,
        status varchar(255) not null check (status in ('PENDING','ACCEPTED','REJECTED')),
        primary key (id)
    )
Hibernate: 
    create table dm_requests (
        created_at timestamp(6) not null,
        id bigserial not null,
        recipient_id bigint not null,
        requester_id bigint not null,
        responded_at timestamp(6),
        workspace_id bigint not null,
        status varchar(255) not null check (status in ('PENDING','ACCEPTED','REJECTED')),
        primary key (id)
    )
2026-03-18T12:30:47.754+05:30 DEBUG 9884 --- [           main] org.hibernate.SQL                        : 
    create table message_mentions (
        message_id bigint not null,
        user_id bigint
    )
Hibernate: 
    create table message_mentions (
        message_id bigint not null,
        user_id bigint
    )
2026-03-18T12:30:47.756+05:30 DEBUG 9884 --- [           main] org.hibernate.SQL                        : 
    create table message_reads (
        id bigserial not null,
        message_id bigint not null,
        read_at timestamp(6) not null,
        user_id bigint not null,
        primary key (id),
        unique (message_id, user_id)
    )
Hibernate: 
    create table message_reads (
        id bigserial not null,
        message_id bigint not null,
        read_at timestamp(6) not null,
        user_id bigint not null,
        primary key (id),
        unique (message_id, user_id)
    )
2026-03-18T12:30:47.763+05:30 DEBUG 9884 --- [           main] org.hibernate.SQL                        : 
    create table messages (
        is_deleted boolean not null,
        is_pinned boolean not null,
        channel_id bigint not null,
        edited_at timestamp(6),
        id bigserial not null,
        sender_id bigint not null,
        sent_at timestamp(6) not null,
        content TEXT not null,
        type varchar(255),
        primary key (id)
    )
Hibernate: 
    create table messages (
        is_deleted boolean not null,
        is_pinned boolean not null,
        channel_id bigint not null,
        edited_at timestamp(6),
        id bigserial not null,
        sender_id bigint not null,
        sent_at timestamp(6) not null,
        content TEXT not null,
        type varchar(255),
        primary key (id)
    )
2026-03-18T12:30:47.772+05:30 DEBUG 9884 --- [           main] org.hibernate.SQL                        : 
    create table notifications (
        is_read boolean,
        created_at timestamp(6) not null,
        id bigserial not null,
        recipient_id bigint not null,
        related_entity_id bigint,
        content varchar(255) not null,
        type varchar(255) not null,
        primary key (id)
    )
Hibernate: 
    create table notifications (
        is_read boolean,
        created_at timestamp(6) not null,
        id bigserial not null,
        recipient_id bigint not null,
        related_entity_id bigint,
        content varchar(255) not null,
        type varchar(255) not null,
        primary key (id)
    )
2026-03-18T12:30:47.780+05:30 DEBUG 9884 --- [           main] org.hibernate.SQL                        : 
    create table otps (
        verified boolean not null,
        code varchar(6) not null,
        created_at timestamp(6) not null,
        expiry_time timestamp(6) not null,
        id bigserial not null,
        email varchar(255) not null,
        otp_type varchar(255) not null check (otp_type in ('REGISTRATION','PASSWORD_RESET','WORKSPACE_CREATION')),
        primary key (id)
    )
Hibernate: 
    create table otps (
        verified boolean not null,
        code varchar(6) not null,
        created_at timestamp(6) not null,
        expiry_time timestamp(6) not null,
        id bigserial not null,
        email varchar(255) not null,
        otp_type varchar(255) not null check (otp_type in ('REGISTRATION','PASSWORD_RESET','WORKSPACE_CREATION')),
        primary key (id)
    )
2026-03-18T12:30:47.790+05:30 DEBUG 9884 --- [           main] org.hibernate.SQL                        : 
    create table reactions (
        created_at timestamp(6) not null,
        dm_id bigint,
        id bigserial not null,
        message_id bigint,
        user_id bigint not null,
        emoji varchar(255) not null,
        primary key (id)
    )
Hibernate: 
    create table reactions (
        created_at timestamp(6) not null,
        dm_id bigint,
        id bigserial not null,
        message_id bigint,
        user_id bigint not null,
        emoji varchar(255) not null,
        primary key (id)
    )
2026-03-18T12:30:47.797+05:30 DEBUG 9884 --- [           main] org.hibernate.SQL                        : 
    create table users (
        is_verified boolean not null,
        online boolean not null,
        created_at timestamp(6) not null,
        id bigserial not null,
        last_seen timestamp(6),
        avatar_url varchar(255),
        display_name varchar(255) not null,
        email varchar(255) not null unique,
        password varchar(255) not null,
        role varchar(255) not null check (role in ('OWNER','MEMBER')),
        primary key (id)
    )
Hibernate: 
    create table users (
        is_verified boolean not null,
        online boolean not null,
        created_at timestamp(6) not null,
        id bigserial not null,
        last_seen timestamp(6),
        avatar_url varchar(255),
        display_name varchar(255) not null,
        email varchar(255) not null unique,
        password varchar(255) not null,
        role varchar(255) not null check (role in ('OWNER','MEMBER')),
        primary key (id)
    )
2026-03-18T12:30:47.808+05:30 DEBUG 9884 --- [           main] org.hibernate.SQL                        : 
    create table workspace_invitations (
        created_at timestamp(6) not null,
        id bigserial not null,
        invitee_id bigint,
        inviter_id bigint not null,
        responded_at timestamp(6),
        workspace_id bigint not null,
        invitee_email varchar(255) not null,
        status varchar(255) not null check (status in ('PENDING','ACCEPTED','REJECTED','EXPIRED')),
        primary key (id)
    )
Hibernate: 
    create table workspace_invitations (
        created_at timestamp(6) not null,
        id bigserial not null,
        invitee_id bigint,
        inviter_id bigint not null,
        responded_at timestamp(6),
        workspace_id bigint not null,
        invitee_email varchar(255) not null,
        status varchar(255) not null check (status in ('PENDING','ACCEPTED','REJECTED','EXPIRED')),
        primary key (id)
    )
2026-03-18T12:30:47.821+05:30 DEBUG 9884 --- [           main] org.hibernate.SQL                        : 
    create table workspace_members (
        id bigserial not null,
        joined_at timestamp(6) not null,
        user_id bigint not null,
        workspace_id bigint not null,
        role varchar(255) not null check (role in ('OWNER','ADMIN','MEMBER')),
        primary key (id)
    )
Hibernate: 
    create table workspace_members (
        id bigserial not null,
        joined_at timestamp(6) not null,
        user_id bigint not null,
        workspace_id bigint not null,
        role varchar(255) not null check (role in ('OWNER','ADMIN','MEMBER')),
        primary key (id)
    )
2026-03-18T12:30:47.827+05:30 DEBUG 9884 --- [           main] org.hibernate.SQL                        : 
    create table workspaces (
        is_archived boolean not null,
        is_private boolean not null,
        created_at timestamp(6) not null,
        id bigserial not null,
        owner_id bigint not null,
        description TEXT,
        name varchar(255) not null,
        primary key (id)
    )
Hibernate: 
    create table workspaces (
        is_archived boolean not null,
        is_private boolean not null,
        created_at timestamp(6) not null,
        id bigserial not null,
        owner_id bigint not null,
        description TEXT,
        name varchar(255) not null,
        primary key (id)
    )
2026-03-18T12:30:47.837+05:30 DEBUG 9884 --- [           main] org.hibernate.SQL                        : 
    alter table if exists attachments 
       add constraint FKcf4ta8qdkixetfy7wnqfv3vkv 
       foreign key (message_id) 
       references messages
Hibernate: 
    alter table if exists attachments 
       add constraint FKcf4ta8qdkixetfy7wnqfv3vkv 
       foreign key (message_id) 
       references messages
2026-03-18T12:30:47.841+05:30 DEBUG 9884 --- [           main] org.hibernate.SQL                        : 
    alter table if exists attachments 
       add constraint FKr60r9lnkb1bv66bqanw3vb4ne 
       foreign key (uploader_id) 
       references users
Hibernate: 
    alter table if exists attachments 
       add constraint FKr60r9lnkb1bv66bqanw3vb4ne 
       foreign key (uploader_id) 
       references users
2026-03-18T12:30:47.845+05:30 DEBUG 9884 --- [           main] org.hibernate.SQL                        : 
    alter table if exists channel_invitations 
       add constraint FKo7xoquf05ql0t3ge2yvglsmkl 
       foreign key (channel_id) 
       references channels
Hibernate: 
    alter table if exists channel_invitations 
       add constraint FKo7xoquf05ql0t3ge2yvglsmkl 
       foreign key (channel_id) 
       references channels
2026-03-18T12:30:47.849+05:30 DEBUG 9884 --- [           main] org.hibernate.SQL                        : 
    alter table if exists channel_invitations 
       add constraint FKme8opxf0xpeg6jhqui8wskuei 
       foreign key (invitee_id) 
       references users
Hibernate: 
    alter table if exists channel_invitations 
       add constraint FKme8opxf0xpeg6jhqui8wskuei 
       foreign key (invitee_id) 
       references users
2026-03-18T12:30:47.854+05:30 DEBUG 9884 --- [           main] org.hibernate.SQL                        : 
    alter table if exists channel_invitations 
       add constraint FK3n8wmnwf6byo257w63y818i8e 
       foreign key (inviter_id) 
       references users
Hibernate: 
    alter table if exists channel_invitations 
       add constraint FK3n8wmnwf6byo257w63y818i8e 
       foreign key (inviter_id) 
       references users
2026-03-18T12:30:47.856+05:30 DEBUG 9884 --- [           main] org.hibernate.SQL                        : 
    alter table if exists channel_members 
       add constraint FK5w7mqibtg5vbjt7xq6xyhc479 
       foreign key (channel_id) 
       references channels
Hibernate: 
    alter table if exists channel_members 
       add constraint FK5w7mqibtg5vbjt7xq6xyhc479 
       foreign key (channel_id) 
       references channels
2026-03-18T12:30:47.858+05:30 DEBUG 9884 --- [           main] org.hibernate.SQL                        : 
    alter table if exists channel_members 
       add constraint FKjunpxp98pv6g23t5d3w5hx8ji 
       foreign key (user_id) 
       references users
Hibernate: 
    alter table if exists channel_members 
       add constraint FKjunpxp98pv6g23t5d3w5hx8ji 
       foreign key (user_id) 
       references users
2026-03-18T12:30:47.861+05:30 DEBUG 9884 --- [           main] org.hibernate.SQL                        : 
    alter table if exists channels 
       add constraint FKj5bvg2dapo5aqh7j9xc2wr8e3 
       foreign key (created_by) 
       references users
Hibernate: 
    alter table if exists channels 
       add constraint FKj5bvg2dapo5aqh7j9xc2wr8e3 
       foreign key (created_by) 
       references users
2026-03-18T12:30:47.864+05:30 DEBUG 9884 --- [           main] org.hibernate.SQL                        : 
    alter table if exists channels 
       add constraint FK6sm2dry33aemqyix6ydqmjrj6 
       foreign key (workspace_id) 
       references workspaces
Hibernate: 
    alter table if exists channels 
       add constraint FK6sm2dry33aemqyix6ydqmjrj6 
       foreign key (workspace_id) 
       references workspaces
2026-03-18T12:30:47.868+05:30 DEBUG 9884 --- [           main] org.hibernate.SQL                        : 
    alter table if exists direct_messages 
       add constraint FK7jcln0adoq6mv6p71x1y5aln3 
       foreign key (from_user_id) 
       references users
Hibernate: 
    alter table if exists direct_messages 
       add constraint FK7jcln0adoq6mv6p71x1y5aln3 
       foreign key (from_user_id) 
       references users
2026-03-18T12:30:47.871+05:30 DEBUG 9884 --- [           main] org.hibernate.SQL                        : 
    alter table if exists direct_messages 
       add constraint FK8prvpwn46hap1dbp8xwh63wlf 
       foreign key (to_user_id) 
       references users
Hibernate: 
    alter table if exists direct_messages 
       add constraint FK8prvpwn46hap1dbp8xwh63wlf 
       foreign key (to_user_id) 
       references users
2026-03-18T12:30:47.873+05:30 DEBUG 9884 --- [           main] org.hibernate.SQL                        : 
    alter table if exists direct_messages 
       add constraint FKwwdaofacdgtpksin3j7sqj6f 
       foreign key (workspace_id) 
       references workspaces
Hibernate: 
    alter table if exists direct_messages 
       add constraint FKwwdaofacdgtpksin3j7sqj6f 
       foreign key (workspace_id) 
       references workspaces
2026-03-18T12:30:47.875+05:30 DEBUG 9884 --- [           main] org.hibernate.SQL                        : 
    alter table if exists dm_requests 
       add constraint FKdv9bqmfvb8uali5ctm0lvst30 
       foreign key (recipient_id) 
       references users
Hibernate: 
    alter table if exists dm_requests 
       add constraint FKdv9bqmfvb8uali5ctm0lvst30 
       foreign key (recipient_id) 
       references users
2026-03-18T12:30:47.880+05:30 DEBUG 9884 --- [           main] org.hibernate.SQL                        : 
    alter table if exists dm_requests 
       add constraint FKgfhe9weqonod6e1q0lhlus0d4 
       foreign key (requester_id) 
       references users
Hibernate: 
    alter table if exists dm_requests 
       add constraint FKgfhe9weqonod6e1q0lhlus0d4 
       foreign key (requester_id) 
       references users
2026-03-18T12:30:47.883+05:30 DEBUG 9884 --- [           main] org.hibernate.SQL                        : 
    alter table if exists dm_requests 
       add constraint FKf5ou483a6yuveq51mmwf9hf2p 
       foreign key (workspace_id) 
       references workspaces
Hibernate: 
    alter table if exists dm_requests 
       add constraint FKf5ou483a6yuveq51mmwf9hf2p 
       foreign key (workspace_id) 
       references workspaces
2026-03-18T12:30:47.885+05:30 DEBUG 9884 --- [           main] org.hibernate.SQL                        : 
    alter table if exists message_mentions 
       add constraint FKn8dkm95maeahsjpbee9cnbntd 
       foreign key (message_id) 
       references messages
Hibernate: 
    alter table if exists message_mentions 
       add constraint FKn8dkm95maeahsjpbee9cnbntd 
       foreign key (message_id) 
       references messages
2026-03-18T12:30:47.887+05:30 DEBUG 9884 --- [           main] org.hibernate.SQL                        : 
    alter table if exists message_reads 
       add constraint FK4hf3vygb7iguer8spwq89xwsa 
       foreign key (message_id) 
       references messages
Hibernate: 
    alter table if exists message_reads 
       add constraint FK4hf3vygb7iguer8spwq89xwsa 
       foreign key (message_id) 
       references messages
2026-03-18T12:30:47.890+05:30 DEBUG 9884 --- [           main] org.hibernate.SQL                        : 
    alter table if exists message_reads 
       add constraint FKd25ttt384b7vp2bqtw19gighu 
       foreign key (user_id) 
       references users
Hibernate: 
    alter table if exists message_reads 
       add constraint FKd25ttt384b7vp2bqtw19gighu 
       foreign key (user_id) 
       references users
2026-03-18T12:30:47.893+05:30 DEBUG 9884 --- [           main] org.hibernate.SQL                        : 
    alter table if exists messages 
       add constraint FK3u3ckbhwq9se1cmopk2pq05b2 
       foreign key (channel_id) 
       references channels
Hibernate: 
    alter table if exists messages 
       add constraint FK3u3ckbhwq9se1cmopk2pq05b2 
       foreign key (channel_id) 
       references channels
2026-03-18T12:30:47.897+05:30 DEBUG 9884 --- [           main] org.hibernate.SQL                        : 
    alter table if exists messages 
       add constraint FK4ui4nnwntodh6wjvck53dbk9m 
       foreign key (sender_id) 
       references users
Hibernate: 
    alter table if exists messages 
       add constraint FK4ui4nnwntodh6wjvck53dbk9m 
       foreign key (sender_id) 
       references users
2026-03-18T12:30:47.900+05:30 DEBUG 9884 --- [           main] org.hibernate.SQL                        : 
    alter table if exists notifications 
       add constraint FKqqnsjxlwleyjbxlmm213jaj3f 
       foreign key (recipient_id) 
       references users
Hibernate: 
    alter table if exists notifications 
       add constraint FKqqnsjxlwleyjbxlmm213jaj3f 
       foreign key (recipient_id) 
       references users
2026-03-18T12:30:47.902+05:30 DEBUG 9884 --- [           main] org.hibernate.SQL                        : 
    alter table if exists reactions 
       add constraint FKg7p9a9gnfl6lvhe9rk31rc1dq 
       foreign key (dm_id) 
       references direct_messages
Hibernate: 
    alter table if exists reactions 
       add constraint FKg7p9a9gnfl6lvhe9rk31rc1dq 
       foreign key (dm_id) 
       references direct_messages
2026-03-18T12:30:47.905+05:30 DEBUG 9884 --- [           main] org.hibernate.SQL                        : 
    alter table if exists reactions 
       add constraint FKlmwgdoo3g3f4g0wsgc1lmwfby 
       foreign key (message_id) 
       references messages
Hibernate: 
    alter table if exists reactions 
       add constraint FKlmwgdoo3g3f4g0wsgc1lmwfby 
       foreign key (message_id) 
       references messages
2026-03-18T12:30:47.908+05:30 DEBUG 9884 --- [           main] org.hibernate.SQL                        : 
    alter table if exists reactions 
       add constraint FKqmewaibcp5bxtlqxc2cawhuln 
       foreign key (user_id) 
       references users
Hibernate: 
    alter table if exists reactions 
       add constraint FKqmewaibcp5bxtlqxc2cawhuln 
       foreign key (user_id) 
       references users
2026-03-18T12:30:47.909+05:30 DEBUG 9884 --- [           main] org.hibernate.SQL                        : 
    alter table if exists workspace_invitations 
       add constraint FKcw13o1mp447qs3h7kphm8hktm 
       foreign key (invitee_id) 
       references users
Hibernate: 
    alter table if exists workspace_invitations 
       add constraint FKcw13o1mp447qs3h7kphm8hktm 
       foreign key (invitee_id) 
       references users
2026-03-18T12:30:47.913+05:30 DEBUG 9884 --- [           main] org.hibernate.SQL                        : 
    alter table if exists workspace_invitations 
       add constraint FKj4tqiky662q6y79oc8gfh2ffa 
       foreign key (inviter_id) 
       references users
Hibernate: 
    alter table if exists workspace_invitations 
       add constraint FKj4tqiky662q6y79oc8gfh2ffa 
       foreign key (inviter_id) 
       references users
2026-03-18T12:30:47.917+05:30 DEBUG 9884 --- [           main] org.hibernate.SQL                        : 
    alter table if exists workspace_invitations 
       add constraint FKcjk1r4awojk9f3vcc7gak8rnv 
       foreign key (workspace_id) 
       references workspaces
Hibernate: 
    alter table if exists workspace_invitations 
       add constraint FKcjk1r4awojk9f3vcc7gak8rnv 
       foreign key (workspace_id) 
       references workspaces
2026-03-18T12:30:47.919+05:30 DEBUG 9884 --- [           main] org.hibernate.SQL                        : 
    alter table if exists workspace_members 
       add constraint FK6vtnpc3eexk504u61uepn40p1 
       foreign key (user_id) 
       references users
Hibernate: 
    alter table if exists workspace_members 
       add constraint FK6vtnpc3eexk504u61uepn40p1 
       foreign key (user_id) 
       references users
2026-03-18T12:30:47.924+05:30 DEBUG 9884 --- [           main] org.hibernate.SQL                        : 
    alter table if exists workspace_members 
       add constraint FKw9hq87n3rvq2c4j47qo78i5r 
       foreign key (workspace_id) 
       references workspaces
Hibernate: 
    alter table if exists workspace_members 
       add constraint FKw9hq87n3rvq2c4j47qo78i5r 
       foreign key (workspace_id) 
       references workspaces
2026-03-18T12:30:47.926+05:30 DEBUG 9884 --- [           main] org.hibernate.SQL                        : 
    alter table if exists workspaces 
       add constraint FK58ks96jjlsbhsh21cen7hr59h 
       foreign key (owner_id) 
       references users
Hibernate: 
    alter table if exists workspaces 
       add constraint FK58ks96jjlsbhsh21cen7hr59h 
       foreign key (owner_id) 
       references users
2026-03-18T12:30:47.930+05:30  INFO 9884 --- [           main] j.LocalContainerEntityManagerFactoryBean : Initialized JPA EntityManagerFactory for persistence unit 'default'
2026-03-18T12:30:48.860+05:30  WARN 9884 --- [           main] JpaBaseConfiguration$JpaWebConfiguration : spring.jpa.open-in-view is enabled by default. Therefore, database queries may be performed during view rendering. Explicitly configure spring.jpa.open-in-view to disable this warning
2026-03-18T12:30:49.307+05:30  INFO 9884 --- [           main] o.s.s.web.DefaultSecurityFilterChain     : Will secure any request with [org.springframework.security.web.session.DisableEncodeUrlFilter@53a8201d, org.springframework.security.web.context.request.async.WebAsyncManagerIntegrationFilter@445475c6, org.springframework.security.web.context.SecurityContextHolderFilter@57f278f8, org.springframework.security.web.header.HeaderWriterFilter@4448666e, org.springframework.web.filter.CorsFilter@676281fe, org.springframework.security.web.authentication.logout.LogoutFilter@684fe49a, com.bytechat.config.JwtFilter@72b7a91b, org.springframework.security.web.savedrequest.RequestCacheAwareFilter@1730aec6, org.springframework.security.web.servletapi.SecurityContextHolderAwareRequestFilter@10ccc158, org.springframework.security.web.authentication.AnonymousAuthenticationFilter@34548932, org.springframework.security.web.session.SessionManagementFilter@1005997d, org.springframework.security.web.access.ExceptionTranslationFilter@75f6ae9e, org.springframework.security.web.access.intercept.AuthorizationFilter@cabe9c1]
2026-03-18T12:30:49.550+05:30 DEBUG 9884 --- [           main] com.bytechat.config.JwtFilter            : Filter 'jwtFilter' configured for use
2026-03-18T12:30:49.550+05:30  INFO 9884 --- [           main] o.s.b.t.m.w.SpringBootMockServletContext : Initializing Spring TestDispatcherServlet ''
2026-03-18T12:30:49.550+05:30  INFO 9884 --- [           main] o.s.t.web.servlet.TestDispatcherServlet  : Initializing Servlet ''
2026-03-18T12:30:49.551+05:30  INFO 9884 --- [           main] o.s.t.web.servlet.TestDispatcherServlet  : Completed initialization in 1 ms
2026-03-18T12:30:49.601+05:30  INFO 9884 --- [           main] o.s.m.s.b.SimpleBrokerMessageHandler     : Starting...
2026-03-18T12:30:49.602+05:30  INFO 9884 --- [           main] o.s.m.s.b.SimpleBrokerMessageHandler     : BrokerAvailabilityEvent[available=true, SimpleBrokerMessageHandler [org.springframework.messaging.simp.broker.DefaultSubscriptionRegistry@6ca5bc1c]]
2026-03-18T12:30:49.602+05:30  INFO 9884 --- [           main] o.s.m.s.b.SimpleBrokerMessageHandler     : Started.
2026-03-18T12:30:49.651+05:30  INFO 9884 --- [           main] c.b.c.MessageControllerIntegrationTest   : Started MessageControllerIntegrationTest in 4.927 seconds (process running for 80.457)
2026-03-18T12:30:49.724+05:30  INFO 9884 --- [           main] c.b.controllers.MessageController        : Fetching messages for channel ID: 1
]]></system-out>
  </testcase>
  <testcase name="editMessage_Success" classname="com.bytechat.controllers.MessageControllerIntegrationTest" time="0.052">
    <system-out><![CDATA[2026-03-18T12:30:49.836+05:30  INFO 9884 --- [           main] c.b.controllers.MessageController        : Editing message with ID: 1
]]></system-out>
  </testcase>
  <testcase name="sendMessage_Success" classname="com.bytechat.controllers.MessageControllerIntegrationTest" time="0.032">
    <system-out><![CDATA[2026-03-18T12:30:49.906+05:30  INFO 9884 --- [           main] c.b.controllers.MessageController        : Sending message to channel ID: 1
]]></system-out>
  </testcase>
  <testcase name="pinMessage_Success" classname="com.bytechat.controllers.MessageControllerIntegrationTest" time="0.044">
    <system-out><![CDATA[2026-03-18T12:30:49.920+05:30  INFO 9884 --- [           main] c.b.controllers.MessageController        : Toggling pin for message ID: 1
]]></system-out>
  </testcase>
</testsuite>